c:\users\jurob\desktop\learnopengl\learnopengl\x64\debug\vc142.pdb
c:\users\jurob\desktop\learnopengl\learnopengl\x64\debug\vc142.idb
c:\users\jurob\desktop\learnopengl\learnopengl\x64\debug\glad.obj
c:\users\jurob\desktop\learnopengl\learnopengl\x64\debug\main.obj
c:\users\jurob\desktop\learnopengl\x64\debug\learnopengl.exe
c:\users\jurob\desktop\learnopengl\x64\debug\learnopengl.ilk
c:\users\jurob\desktop\learnopengl\x64\debug\learnopengl.pdb
c:\users\jurob\desktop\glfinal\learnopengl\learnopengl\x64\debug\glad.obj
c:\users\jurob\desktop\glfinal\learnopengl\learnopengl\x64\debug\main.obj
c:\users\jurob\desktop\glfinal\learnopengl\learnopengl\x64\debug\vc142.idb
c:\users\jurob\desktop\glfinal\learnopengl\learnopengl\x64\debug\vc142.pdb
c:\users\jurob\desktop\glfinal\learnopengl\x64\debug\learnopengl.pdb
c:\users\jurob\desktop\glfinal\learnopengl\x64\debug\learnopengl.exe
c:\users\jurob\desktop\glfinal\learnopengl\x64\debug\learnopengl.ilk
c:\users\jurob\desktop\glfinal\learnopengl\learnopengl\x64\debug\learnopengl.tlog\cl.command.1.tlog
c:\users\jurob\desktop\glfinal\learnopengl\learnopengl\x64\debug\learnopengl.tlog\cl.read.1.tlog
c:\users\jurob\desktop\glfinal\learnopengl\learnopengl\x64\debug\learnopengl.tlog\cl.write.1.tlog
c:\users\jurob\desktop\glfinal\learnopengl\learnopengl\x64\debug\learnopengl.tlog\link.command.1.tlog
c:\users\jurob\desktop\glfinal\learnopengl\learnopengl\x64\debug\learnopengl.tlog\link.read.1.tlog
c:\users\jurob\desktop\glfinal\learnopengl\learnopengl\x64\debug\learnopengl.tlog\link.write.1.tlog
