  glad.c
  fbxloader.cpp
d:\users\kuei\desktop\work\4-1\introduction to graphics programming and applications\glfinal\learnopengl\learnopengl\include\pipeline.h(550): warning C4240: 使用非標準的擴充: 存取 'ModelLoader::Texture' 現在已經定義為 'private'，之前它定義為 'public'
  d:\users\kuei\desktop\work\4-1\introduction to graphics programming and applications\glfinal\learnopengl\learnopengl\include\pipeline.h(314): note: 請參閱 'ModelLoader::Texture' 的宣告
d:\users\kuei\desktop\work\4-1\introduction to graphics programming and applications\glfinal\learnopengl\learnopengl\include\pipeline.h(556): warning C4240: 使用非標準的擴充: 存取 'ModelLoader::Mesh' 現在已經定義為 'private'，之前它定義為 'public'
  d:\users\kuei\desktop\work\4-1\introduction to graphics programming and applications\glfinal\learnopengl\learnopengl\include\pipeline.h(315): note: 請參閱 'ModelLoader::Mesh' 的宣告
d:\users\kuei\desktop\work\4-1\introduction to graphics programming and applications\glfinal\learnopengl\learnopengl\include\pipeline.h(617): warning C4267: '引數': 將 'size_t' 轉換為 'GLsizei'，資料可能遺失
d:\users\kuei\desktop\work\4-1\introduction to graphics programming and applications\glfinal\learnopengl\learnopengl\include\window.h(97): warning C4244: '=': 將 'double' 轉換為 'float'，由於類型不同，可能導致資料遺失
d:\users\kuei\desktop\work\4-1\introduction to graphics programming and applications\glfinal\learnopengl\learnopengl\include\window.h(152): warning C4244: '=': 將 'double' 轉換為 'float'，由於類型不同，可能導致資料遺失
d:\users\kuei\desktop\work\4-1\introduction to graphics programming and applications\glfinal\learnopengl\learnopengl\include\window.h(153): warning C4244: '=': 將 'double' 轉換為 'float'，由於類型不同，可能導致資料遺失
d:\users\kuei\desktop\work\4-1\introduction to graphics programming and applications\glfinal\learnopengl\learnopengl\include\window.h(157): warning C4244: '正在初始化': 將 'double' 轉換為 'float'，由於類型不同，可能導致資料遺失
d:\users\kuei\desktop\work\4-1\introduction to graphics programming and applications\glfinal\learnopengl\learnopengl\include\window.h(158): warning C4244: '正在初始化': 將 'double' 轉換為 'float'，由於類型不同，可能導致資料遺失
d:\users\kuei\desktop\work\4-1\introduction to graphics programming and applications\glfinal\learnopengl\learnopengl\include\window.h(159): warning C4244: '=': 將 'double' 轉換為 'float'，由於類型不同，可能導致資料遺失
d:\users\kuei\desktop\work\4-1\introduction to graphics programming and applications\glfinal\learnopengl\learnopengl\include\window.h(160): warning C4244: '=': 將 'double' 轉換為 'float'，由於類型不同，可能導致資料遺失
d:\users\kuei\desktop\work\4-1\introduction to graphics programming and applications\glfinal\learnopengl\learnopengl\include\fbxloader.cpp(73): warning C4244: '引數': 將 'float' 轉換為 'const int'，由於類型不同，可能導致資料遺失
d:\users\kuei\desktop\work\4-1\introduction to graphics programming and applications\glfinal\learnopengl\learnopengl\include\fbxloader.cpp(601): warning C4267: '正在初始化': 將 'size_t' 轉換為 'int'，資料可能遺失
d:\users\kuei\desktop\work\4-1\introduction to graphics programming and applications\glfinal\learnopengl\learnopengl\include\fbxloader.cpp(646): warning C4267: '正在初始化': 將 'size_t' 轉換為 'int'，資料可能遺失
  main.cpp
d:\users\kuei\desktop\work\4-1\introduction to graphics programming and applications\glfinal\learnopengl\learnopengl\include\pipeline.h(550): warning C4240: 使用非標準的擴充: 存取 'ModelLoader::Texture' 現在已經定義為 'private'，之前它定義為 'public'
  d:\users\kuei\desktop\work\4-1\introduction to graphics programming and applications\glfinal\learnopengl\learnopengl\include\pipeline.h(314): note: 請參閱 'ModelLoader::Texture' 的宣告
d:\users\kuei\desktop\work\4-1\introduction to graphics programming and applications\glfinal\learnopengl\learnopengl\include\pipeline.h(556): warning C4240: 使用非標準的擴充: 存取 'ModelLoader::Mesh' 現在已經定義為 'private'，之前它定義為 'public'
  d:\users\kuei\desktop\work\4-1\introduction to graphics programming and applications\glfinal\learnopengl\learnopengl\include\pipeline.h(315): note: 請參閱 'ModelLoader::Mesh' 的宣告
d:\users\kuei\desktop\work\4-1\introduction to graphics programming and applications\glfinal\learnopengl\learnopengl\include\pipeline.h(617): warning C4267: '引數': 將 'size_t' 轉換為 'GLsizei'，資料可能遺失
d:\users\kuei\desktop\work\4-1\introduction to graphics programming and applications\glfinal\learnopengl\learnopengl\include\window.h(97): warning C4244: '=': 將 'double' 轉換為 'float'，由於類型不同，可能導致資料遺失
d:\users\kuei\desktop\work\4-1\introduction to graphics programming and applications\glfinal\learnopengl\learnopengl\include\window.h(152): warning C4244: '=': 將 'double' 轉換為 'float'，由於類型不同，可能導致資料遺失
d:\users\kuei\desktop\work\4-1\introduction to graphics programming and applications\glfinal\learnopengl\learnopengl\include\window.h(153): warning C4244: '=': 將 'double' 轉換為 'float'，由於類型不同，可能導致資料遺失
d:\users\kuei\desktop\work\4-1\introduction to graphics programming and applications\glfinal\learnopengl\learnopengl\include\window.h(157): warning C4244: '正在初始化': 將 'double' 轉換為 'float'，由於類型不同，可能導致資料遺失
d:\users\kuei\desktop\work\4-1\introduction to graphics programming and applications\glfinal\learnopengl\learnopengl\include\window.h(158): warning C4244: '正在初始化': 將 'double' 轉換為 'float'，由於類型不同，可能導致資料遺失
d:\users\kuei\desktop\work\4-1\introduction to graphics programming and applications\glfinal\learnopengl\learnopengl\include\window.h(159): warning C4244: '=': 將 'double' 轉換為 'float'，由於類型不同，可能導致資料遺失
d:\users\kuei\desktop\work\4-1\introduction to graphics programming and applications\glfinal\learnopengl\learnopengl\include\window.h(160): warning C4244: '=': 將 'double' 轉換為 'float'，由於類型不同，可能導致資料遺失
d:\users\kuei\desktop\work\4-1\introduction to graphics programming and applications\glfinal\learnopengl\learnopengl\main.cpp(85): warning C4305: '+=': 從 'double' 轉換為 'float'，是由較大的類型轉換為較小的類型，可能導致資料遺失
d:\users\kuei\desktop\work\4-1\introduction to graphics programming and applications\glfinal\learnopengl\learnopengl\main.cpp(89): warning C4305: '-=': 從 'double' 轉換為 'float'，是由較大的類型轉換為較小的類型，可能導致資料遺失
d:\users\kuei\desktop\work\4-1\introduction to graphics programming and applications\glfinal\learnopengl\learnopengl\main.cpp(416): warning C4244: '正在初始化': 將 'double' 轉換為 'float'，由於類型不同，可能導致資料遺失
d:\users\kuei\desktop\work\4-1\introduction to graphics programming and applications\glfinal\learnopengl\learnopengl\main.cpp(417): warning C4244: '正在初始化': 將 'double' 轉換為 'float'，由於類型不同，可能導致資料遺失
d:\users\kuei\desktop\work\4-1\introduction to graphics programming and applications\glfinal\learnopengl\learnopengl\main.cpp(418): warning C4244: '正在初始化': 將 'double' 轉換為 'float'，由於類型不同，可能導致資料遺失
d:\users\kuei\desktop\work\4-1\introduction to graphics programming and applications\glfinal\learnopengl\learnopengl\main.cpp(653): warning C4244: '正在初始化': 將 'double' 轉換為 'float'，由於類型不同，可能導致資料遺失
d:\users\kuei\desktop\work\4-1\introduction to graphics programming and applications\glfinal\learnopengl\learnopengl\main.cpp(771): warning C4244: '正在初始化': 將 'T' 轉換為 'int'，由於類型不同，可能導致資料遺失
          with
          [
              T=float
          ]
d:\users\kuei\desktop\work\4-1\introduction to graphics programming and applications\glfinal\learnopengl\learnopengl\main.cpp(867): warning C4244: 'return': 將 'double' 轉換為 'float'，由於類型不同，可能導致資料遺失
d:\users\kuei\desktop\work\4-1\introduction to graphics programming and applications\glfinal\learnopengl\learnopengl\main.cpp(893): warning C4244: '=': 將 'double' 轉換為 'T'，由於類型不同，可能導致資料遺失
          with
          [
              T=float
          ]
d:\users\kuei\desktop\work\4-1\introduction to graphics programming and applications\glfinal\learnopengl\learnopengl\main.cpp(895): warning C4244: '=': 將 'double' 轉換為 'T'，由於類型不同，可能導致資料遺失
          with
          [
              T=float
          ]
d:\users\kuei\desktop\work\4-1\introduction to graphics programming and applications\glfinal\learnopengl\learnopengl\main.cpp(912): warning C4244: '引數': 將 'double' 轉換為 'float'，由於類型不同，可能導致資料遺失
d:\users\kuei\desktop\work\4-1\introduction to graphics programming and applications\glfinal\learnopengl\learnopengl\main.cpp(914): warning C4305: '引數': 從 'double' 轉換為 'T'，是由較大的類型轉換為較小的類型，可能導致資料遺失
          with
          [
              T=float
          ]
d:\users\kuei\desktop\work\4-1\introduction to graphics programming and applications\glfinal\learnopengl\learnopengl\main.cpp(1064): warning C4267: '引數': 將 'size_t' 轉換為 'GLint'，資料可能遺失
d:\users\kuei\desktop\work\4-1\introduction to graphics programming and applications\glfinal\learnopengl\learnopengl\main.cpp(1066): warning C4267: '引數': 將 'size_t' 轉換為 'GLint'，資料可能遺失
d:\users\kuei\desktop\work\4-1\introduction to graphics programming and applications\glfinal\learnopengl\learnopengl\main.cpp(1487): warning C4244: '正在初始化': 將 'double' 轉換為 'float'，由於類型不同，可能導致資料遺失
d:\users\kuei\desktop\work\4-1\introduction to graphics programming and applications\glfinal\learnopengl\learnopengl\main.cpp(1621): warning C4244: '正在初始化': 將 'T' 轉換為 'int'，由於類型不同，可能導致資料遺失
          with
          [
              T=float
          ]
d:\users\kuei\desktop\work\4-1\introduction to graphics programming and applications\glfinal\learnopengl\learnopengl\main.cpp(1786): warning C4267: '=': 將 'size_t' 轉換為 'int'，資料可能遺失
  正在產生程式碼...
main.obj : error LNK2005: "public: virtual __cdecl tinyobj::MaterialReader::~MaterialReader(void)" (??1MaterialReader@tinyobj@@UEAA@XZ) 已在 fbxloader.obj 中定義過了
main.obj : error LNK2005: "public: virtual bool __cdecl tinyobj::MaterialFileReader::operator()(class std::basic_string<char,struct std::char_traits<char>,class std::allocator<char> > const &,class std::vector<struct tinyobj::material_t,class std::allocator<struct tinyobj::material_t> > *,class std::map<class std::basic_string<char,struct std::char_traits<char>,class std::allocator<char> >,int,struct std::less<class std::basic_string<char,struct std::char_traits<char>,class std::allocator<char> > >,class std::allocator<struct std::pair<class std::basic_string<char,struct std::char_traits<char>,class std::allocator<char> > const ,int> > > *,class std::basic_string<char,struct std::char_traits<char>,class std::allocator<char> > *,class std::basic_string<char,struct std::char_traits<char>,class std::allocator<char> > *)" (??RMaterialFileReader@tinyobj@@UEAA_NAEBV?$basic_string@DU?$char_traits@D@std@@V?$allocator@D@2@@std@@PEAV?$vector@Umaterial_t@tinyobj@@V?$allocator@Umaterial_t@tinyobj@@@std@@@3@PEAV?$map@V?$basic_string@DU?$char_traits@D@std@@V?$allocator@D@2@@std@@HU?$less@V?$basic_string@DU?$char_traits@D@std@@V?$allocator@D@2@@std@@@2@V?$allocator@U?$pair@$$CBV?$basic_string@DU?$char_traits@D@std@@V?$allocator@D@2@@std@@H@std@@@2@@3@PEAV23@3@Z) 已在 fbxloader.obj 中定義過了
main.obj : error LNK2005: "public: virtual bool __cdecl tinyobj::MaterialStreamReader::operator()(class std::basic_string<char,struct std::char_traits<char>,class std::allocator<char> > const &,class std::vector<struct tinyobj::material_t,class std::allocator<struct tinyobj::material_t> > *,class std::map<class std::basic_string<char,struct std::char_traits<char>,class std::allocator<char> >,int,struct std::less<class std::basic_string<char,struct std::char_traits<char>,class std::allocator<char> > >,class std::allocator<struct std::pair<class std::basic_string<char,struct std::char_traits<char>,class std::allocator<char> > const ,int> > > *,class std::basic_string<char,struct std::char_traits<char>,class std::allocator<char> > *,class std::basic_string<char,struct std::char_traits<char>,class std::allocator<char> > *)" (??RMaterialStreamReader@tinyobj@@UEAA_NAEBV?$basic_string@DU?$char_traits@D@std@@V?$allocator@D@2@@std@@PEAV?$vector@Umaterial_t@tinyobj@@V?$allocator@Umaterial_t@tinyobj@@@std@@@3@PEAV?$map@V?$basic_string@DU?$char_traits@D@std@@V?$allocator@D@2@@std@@HU?$less@V?$basic_string@DU?$char_traits@D@std@@V?$allocator@D@2@@std@@@2@V?$allocator@U?$pair@$$CBV?$basic_string@DU?$char_traits@D@std@@V?$allocator@D@2@@std@@H@std@@@2@@3@PEAV23@3@Z) 已在 fbxloader.obj 中定義過了
main.obj : error LNK2005: "void __cdecl tinyobj::LoadMtl(class std::map<class std::basic_string<char,struct std::char_traits<char>,class std::allocator<char> >,int,struct std::less<class std::basic_string<char,struct std::char_traits<char>,class std::allocator<char> > >,class std::allocator<struct std::pair<class std::basic_string<char,struct std::char_traits<char>,class std::allocator<char> > const ,int> > > *,class std::vector<struct tinyobj::material_t,class std::allocator<struct tinyobj::material_t> > *,class std::basic_istream<char,struct std::char_traits<char> > *,class std::basic_string<char,struct std::char_traits<char>,class std::allocator<char> > *,class std::basic_string<char,struct std::char_traits<char>,class std::allocator<char> > *)" (?LoadMtl@tinyobj@@YAXPEAV?$map@V?$basic_string@DU?$char_traits@D@std@@V?$allocator@D@2@@std@@HU?$less@V?$basic_string@DU?$char_traits@D@std@@V?$allocator@D@2@@std@@@2@V?$allocator@U?$pair@$$CBV?$basic_string@DU?$char_traits@D@std@@V?$allocator@D@2@@std@@H@std@@@2@@std@@PEAV?$vector@Umaterial_t@tinyobj@@V?$allocator@Umaterial_t@tinyobj@@@std@@@3@PEAV?$basic_istream@DU?$char_traits@D@std@@@3@PEAV?$basic_string@DU?$char_traits@D@std@@V?$allocator@D@2@@3@3@Z) 已在 fbxloader.obj 中定義過了
main.obj : error LNK2005: "bool __cdecl tinyobj::LoadObj(struct tinyobj::attrib_t *,class std::vector<struct tinyobj::shape_t,class std::allocator<struct tinyobj::shape_t> > *,class std::vector<struct tinyobj::material_t,class std::allocator<struct tinyobj::material_t> > *,class std::basic_string<char,struct std::char_traits<char>,class std::allocator<char> > *,class std::basic_string<char,struct std::char_traits<char>,class std::allocator<char> > *,class std::basic_istream<char,struct std::char_traits<char> > *,class tinyobj::MaterialReader *,bool,bool)" (?LoadObj@tinyobj@@YA_NPEAUattrib_t@1@PEAV?$vector@Ushape_t@tinyobj@@V?$allocator@Ushape_t@tinyobj@@@std@@@std@@PEAV?$vector@Umaterial_t@tinyobj@@V?$allocator@Umaterial_t@tinyobj@@@std@@@4@PEAV?$basic_string@DU?$char_traits@D@std@@V?$allocator@D@2@@4@3PEAV?$basic_istream@DU?$char_traits@D@std@@@4@PEAVMaterialReader@1@_N6@Z) 已在 fbxloader.obj 中定義過了
main.obj : error LNK2005: "bool __cdecl tinyobj::LoadObj(struct tinyobj::attrib_t *,class std::vector<struct tinyobj::shape_t,class std::allocator<struct tinyobj::shape_t> > *,class std::vector<struct tinyobj::material_t,class std::allocator<struct tinyobj::material_t> > *,class std::basic_string<char,struct std::char_traits<char>,class std::allocator<char> > *,class std::basic_string<char,struct std::char_traits<char>,class std::allocator<char> > *,char const *,char const *,bool,bool)" (?LoadObj@tinyobj@@YA_NPEAUattrib_t@1@PEAV?$vector@Ushape_t@tinyobj@@V?$allocator@Ushape_t@tinyobj@@@std@@@std@@PEAV?$vector@Umaterial_t@tinyobj@@V?$allocator@Umaterial_t@tinyobj@@@std@@@4@PEAV?$basic_string@DU?$char_traits@D@std@@V?$allocator@D@2@@4@3PEBD4_N5@Z) 已在 fbxloader.obj 中定義過了
main.obj : error LNK2005: "bool __cdecl tinyobj::LoadObjWithCallback(class std::basic_istream<char,struct std::char_traits<char> > &,struct tinyobj::callback_t const &,void *,class tinyobj::MaterialReader *,class std::basic_string<char,struct std::char_traits<char>,class std::allocator<char> > *,class std::basic_string<char,struct std::char_traits<char>,class std::allocator<char> > *)" (?LoadObjWithCallback@tinyobj@@YA_NAEAV?$basic_istream@DU?$char_traits@D@std@@@std@@AEBUcallback_t@1@PEAXPEAVMaterialReader@1@PEAV?$basic_string@DU?$char_traits@D@std@@V?$allocator@D@2@@3@4@Z) 已在 fbxloader.obj 中定義過了
main.obj : error LNK2005: "struct glm::tmat4x4<float,0> __cdecl Model(struct glm::tmat4x4<float,0>,struct glm::tvec3<float,0>,struct glm::tvec3<float,0>,struct glm::tvec3<float,0>)" (?Model@@YA?AU?$tmat4x4@M$0A@@glm@@U12@U?$tvec3@M$0A@@2@11@Z) 已在 fbxloader.obj 中定義過了
main.obj : error LNK2005: "public: bool __cdecl tinyobj::ObjReader::ParseFromFile(class std::basic_string<char,struct std::char_traits<char>,class std::allocator<char> > const &,struct tinyobj::ObjReaderConfig const &)" (?ParseFromFile@ObjReader@tinyobj@@QEAA_NAEBV?$basic_string@DU?$char_traits@D@std@@V?$allocator@D@2@@std@@AEBUObjReaderConfig@2@@Z) 已在 fbxloader.obj 中定義過了
main.obj : error LNK2005: "public: bool __cdecl tinyobj::ObjReader::ParseFromString(class std::basic_string<char,struct std::char_traits<char>,class std::allocator<char> > const &,class std::basic_string<char,struct std::char_traits<char>,class std::allocator<char> > const &,struct tinyobj::ObjReaderConfig const &)" (?ParseFromString@ObjReader@tinyobj@@QEAA_NAEBV?$basic_string@DU?$char_traits@D@std@@V?$allocator@D@2@@std@@0AEBUObjReaderConfig@2@@Z) 已在 fbxloader.obj 中定義過了
main.obj : error LNK2005: "bool __cdecl tinyobj::ParseTextureNameAndOption(class std::basic_string<char,struct std::char_traits<char>,class std::allocator<char> > *,struct tinyobj::texture_option_t *,char const *)" (?ParseTextureNameAndOption@tinyobj@@YA_NPEAV?$basic_string@DU?$char_traits@D@std@@V?$allocator@D@2@@std@@PEAUtexture_option_t@1@PEBD@Z) 已在 fbxloader.obj 中定義過了
main.obj : error LNK2005: "struct glm::tmat4x4<float,0> __cdecl Project(float)" (?Project@@YA?AU?$tmat4x4@M$0A@@glm@@M@Z) 已在 fbxloader.obj 中定義過了
main.obj : error LNK2005: "struct glm::tmat4x4<float,0> __cdecl View(struct glm::tvec3<float,0>,struct glm::tvec3<float,0>,struct glm::tvec3<float,0>)" (?View@@YA?AU?$tmat4x4@M$0A@@glm@@U?$tvec3@M$0A@@2@00@Z) 已在 fbxloader.obj 中定義過了
main.obj : error LNK2005: stbi_convert_iphone_png_to_rgb 已在 fbxloader.obj 中定義過了
main.obj : error LNK2005: stbi_failure_reason 已在 fbxloader.obj 中定義過了
main.obj : error LNK2005: stbi_hdr_to_ldr_gamma 已在 fbxloader.obj 中定義過了
main.obj : error LNK2005: stbi_hdr_to_ldr_scale 已在 fbxloader.obj 中定義過了
main.obj : error LNK2005: stbi_image_free 已在 fbxloader.obj 中定義過了
main.obj : error LNK2005: stbi_info 已在 fbxloader.obj 中定義過了
main.obj : error LNK2005: stbi_info_from_callbacks 已在 fbxloader.obj 中定義過了
main.obj : error LNK2005: stbi_info_from_file 已在 fbxloader.obj 中定義過了
main.obj : error LNK2005: stbi_info_from_memory 已在 fbxloader.obj 中定義過了
main.obj : error LNK2005: stbi_is_16_bit 已在 fbxloader.obj 中定義過了
main.obj : error LNK2005: stbi_is_16_bit_from_callbacks 已在 fbxloader.obj 中定義過了
main.obj : error LNK2005: stbi_is_16_bit_from_file 已在 fbxloader.obj 中定義過了
main.obj : error LNK2005: stbi_is_16_bit_from_memory 已在 fbxloader.obj 中定義過了
main.obj : error LNK2005: stbi_is_hdr 已在 fbxloader.obj 中定義過了
main.obj : error LNK2005: stbi_is_hdr_from_callbacks 已在 fbxloader.obj 中定義過了
main.obj : error LNK2005: stbi_is_hdr_from_file 已在 fbxloader.obj 中定義過了
main.obj : error LNK2005: stbi_is_hdr_from_memory 已在 fbxloader.obj 中定義過了
main.obj : error LNK2005: stbi_ldr_to_hdr_gamma 已在 fbxloader.obj 中定義過了
main.obj : error LNK2005: stbi_ldr_to_hdr_scale 已在 fbxloader.obj 中定義過了
main.obj : error LNK2005: stbi_load 已在 fbxloader.obj 中定義過了
main.obj : error LNK2005: stbi_load_16 已在 fbxloader.obj 中定義過了
main.obj : error LNK2005: stbi_load_16_from_callbacks 已在 fbxloader.obj 中定義過了
main.obj : error LNK2005: stbi_load_16_from_memory 已在 fbxloader.obj 中定義過了
main.obj : error LNK2005: stbi_load_from_callbacks 已在 fbxloader.obj 中定義過了
main.obj : error LNK2005: stbi_load_from_file 已在 fbxloader.obj 中定義過了
main.obj : error LNK2005: stbi_load_from_file_16 已在 fbxloader.obj 中定義過了
main.obj : error LNK2005: stbi_load_from_memory 已在 fbxloader.obj 中定義過了
main.obj : error LNK2005: stbi_load_gif_from_memory 已在 fbxloader.obj 中定義過了
main.obj : error LNK2005: stbi_loadf 已在 fbxloader.obj 中定義過了
main.obj : error LNK2005: stbi_loadf_from_callbacks 已在 fbxloader.obj 中定義過了
main.obj : error LNK2005: stbi_loadf_from_file 已在 fbxloader.obj 中定義過了
main.obj : error LNK2005: stbi_loadf_from_memory 已在 fbxloader.obj 中定義過了
main.obj : error LNK2005: stbi_set_flip_vertically_on_load 已在 fbxloader.obj 中定義過了
main.obj : error LNK2005: stbi_set_flip_vertically_on_load_thread 已在 fbxloader.obj 中定義過了
main.obj : error LNK2005: stbi_set_unpremultiply_on_load 已在 fbxloader.obj 中定義過了
main.obj : error LNK2005: stbi_zlib_decode_buffer 已在 fbxloader.obj 中定義過了
main.obj : error LNK2005: stbi_zlib_decode_malloc 已在 fbxloader.obj 中定義過了
main.obj : error LNK2005: stbi_zlib_decode_malloc_guesssize 已在 fbxloader.obj 中定義過了
main.obj : error LNK2005: stbi_zlib_decode_malloc_guesssize_headerflag 已在 fbxloader.obj 中定義過了
main.obj : error LNK2005: stbi_zlib_decode_noheader_buffer 已在 fbxloader.obj 中定義過了
main.obj : error LNK2005: stbi_zlib_decode_noheader_malloc 已在 fbxloader.obj 中定義過了
main.obj : error LNK2005: "public: static struct Window::TrackBall Window::trackball" (?trackball@Window@@2UTrackBall@1@A) 已在 fbxloader.obj 中定義過了
main.obj : error LNK2005: "public: static struct Window::Camera Window::camera" (?camera@Window@@2UCamera@1@A) 已在 fbxloader.obj 中定義過了
main.obj : error LNK2005: "public: static struct Window::Cursor Window::cursor" (?cursor@Window@@2UCursor@1@A) 已在 fbxloader.obj 中定義過了
LINK : warning LNK4098: 預設的程式庫 'MSVCRT' 與其他使用的程式庫衝突，請使用 /NODEFAULTLIB:library
fbxloader.obj : error LNK2019: 無法解析的外部符號 "void __cdecl fbxsdk::_FbxAssert(char const *,char const *,unsigned int,bool,char const *,...)" (?_FbxAssert@fbxsdk@@YAXPEBD0I_N0ZZ) 在函式 "public: int & __cdecl fbxsdk::FbxArray<int>::operator[](int)const " (??A?$FbxArray@H@fbxsdk@@QEBAAEAHH@Z) 中被參考
main.obj : error LNK2001: 無法解析的外部符號 "void __cdecl fbxsdk::_FbxAssert(char const *,char const *,unsigned int,bool,char const *,...)" (?_FbxAssert@fbxsdk@@YAXPEBD0I_N0ZZ)
fbxloader.obj : error LNK2019: 無法解析的外部符號 "void * __cdecl fbxsdk::FbxMalloc(unsigned __int64)" (?FbxMalloc@fbxsdk@@YAPEAX_K@Z) 在函式 "class fbxsdk::FbxStringListItem * __cdecl fbxsdk::FbxNew<class fbxsdk::FbxStringListItem,char const *,unsigned __int64>(char const * &,unsigned __int64 const &)" (??$FbxNew@VFbxStringListItem@fbxsdk@@PEBD_K@fbxsdk@@YAPEAVFbxStringListItem@0@AEAPEBDAEB_K@Z) 中被參考
main.obj : error LNK2001: 無法解析的外部符號 "void * __cdecl fbxsdk::FbxMalloc(unsigned __int64)" (?FbxMalloc@fbxsdk@@YAPEAX_K@Z)
fbxloader.obj : error LNK2019: 無法解析的外部符號 "void * __cdecl fbxsdk::FbxRealloc(void *,unsigned __int64)" (?FbxRealloc@fbxsdk@@YAPEAXPEAX_K@Z) 在函式 "private: class fbxsdk::FbxString * * __cdecl fbxsdk::FbxArray<class fbxsdk::FbxString *>::Allocate(int)" (?Allocate@?$FbxArray@PEAVFbxString@fbxsdk@@@fbxsdk@@AEAAPEAPEAVFbxString@2@H@Z) 中被參考
fbxloader.obj : error LNK2019: 無法解析的外部符號 "void __cdecl fbxsdk::FbxFree(void *)" (?FbxFree@fbxsdk@@YAXPEAX@Z) 在函式 "void __cdecl fbxsdk::FbxDelete<class fbxsdk::FbxString>(class fbxsdk::FbxString *)" (??$FbxDelete@VFbxString@fbxsdk@@@fbxsdk@@YAXPEAVFbxString@0@@Z) 中被參考
main.obj : error LNK2001: 無法解析的外部符號 "void __cdecl fbxsdk::FbxFree(void *)" (?FbxFree@fbxsdk@@YAXPEAX@Z)
fbxloader.obj : error LNK2019: 無法解析的外部符號 "public: __cdecl fbxsdk::FbxString::FbxString(void)" (??0FbxString@fbxsdk@@QEAA@XZ) 在函式 "public: __cdecl fbxsdk::FbxStringListItem::FbxStringListItem(char const *,unsigned __int64)" (??0FbxStringListItem@fbxsdk@@QEAA@PEBD_K@Z) 中被參考
fbxloader.obj : error LNK2019: 無法解析的外部符號 "public: __cdecl fbxsdk::FbxString::FbxString(class fbxsdk::FbxString const &)" (??0FbxString@fbxsdk@@QEAA@AEBV01@@Z) 在函式 "public: __cdecl fbxsdk::FbxPair<class fbxsdk::FbxString const ,class fbxsdk::FbxObject *>::FbxPair<class fbxsdk::FbxString const ,class fbxsdk::FbxObject *>(class fbxsdk::FbxPair<class fbxsdk::FbxString const ,class fbxsdk::FbxObject *> const &)" (??0?$FbxPair@$$CBVFbxString@fbxsdk@@PEAVFbxObject@2@@fbxsdk@@QEAA@AEBV01@@Z) 中被參考
main.obj : error LNK2001: 無法解析的外部符號 "public: __cdecl fbxsdk::FbxString::FbxString(class fbxsdk::FbxString const &)" (??0FbxString@fbxsdk@@QEAA@AEBV01@@Z)
fbxloader.obj : error LNK2019: 無法解析的外部符號 "public: __cdecl fbxsdk::FbxString::FbxString(char const *)" (??0FbxString@fbxsdk@@QEAA@PEBD@Z) 在函式 "bool __cdecl LoadScene(class fbxsdk::FbxManager *,class fbxsdk::FbxScene *,class fbxsdk::FbxArray<class fbxsdk::FbxString *>,char const *)" (?LoadScene@@YA_NPEAVFbxManager@fbxsdk@@PEAVFbxScene@2@V?$FbxArray@PEAVFbxString@fbxsdk@@@2@PEBD@Z) 中被參考
fbxloader.obj : error LNK2019: 無法解析的外部符號 "public: __cdecl fbxsdk::FbxString::~FbxString(void)" (??1FbxString@fbxsdk@@QEAA@XZ) 在函式 "int `public: __cdecl fbxsdk::FbxStringListItem::FbxStringListItem(char const *,unsigned __int64)'::`1'::dtor$0" (?dtor$0@?0???0FbxStringListItem@fbxsdk@@QEAA@PEBD_K@Z@4HA) 中被參考
main.obj : error LNK2001: 無法解析的外部符號 "public: __cdecl fbxsdk::FbxString::~FbxString(void)" (??1FbxString@fbxsdk@@QEAA@XZ)
fbxloader.obj : error LNK2019: 無法解析的外部符號 "public: char * __cdecl fbxsdk::FbxString::Buffer(void)" (?Buffer@FbxString@fbxsdk@@QEAAPEADXZ) 在函式 "void __cdecl DisplayHierarchy(class fbxsdk::FbxNode *,int)" (?DisplayHierarchy@@YAXPEAVFbxNode@fbxsdk@@H@Z) 中被參考
fbxloader.obj : error LNK2019: 無法解析的外部符號 "public: class fbxsdk::FbxString const & __cdecl fbxsdk::FbxString::operator=(char const *)" (??4FbxString@fbxsdk@@QEAAAEBV01@PEBD@Z) 在函式 "public: __cdecl fbxsdk::FbxStringListItem::FbxStringListItem(char const *,unsigned __int64)" (??0FbxStringListItem@fbxsdk@@QEAA@PEBD_K@Z) 中被參考
fbxloader.obj : error LNK2019: 無法解析的外部符號 "public: class fbxsdk::FbxString const & __cdecl fbxsdk::FbxString::operator+=(class fbxsdk::FbxString const &)" (??YFbxString@fbxsdk@@QEAAAEBV01@AEBV01@@Z) 在函式 "public: virtual void __cdecl fbxsdk::FbxStringListT<class fbxsdk::FbxStringListItem>::GetText(class fbxsdk::FbxString &)const " (?GetText@?$FbxStringListT@VFbxStringListItem@fbxsdk@@@fbxsdk@@UEBAXAEAVFbxString@2@@Z) 中被參考
fbxloader.obj : error LNK2019: 無法解析的外部符號 "public: class fbxsdk::FbxString const & __cdecl fbxsdk::FbxString::operator+=(char const *)" (??YFbxString@fbxsdk@@QEAAAEBV01@PEBD@Z) 在函式 "void __cdecl DisplayHierarchy(class fbxsdk::FbxNode *,int)" (?DisplayHierarchy@@YAXPEAVFbxNode@fbxsdk@@H@Z) 中被參考
fbxloader.obj : error LNK2019: 無法解析的外部符號 "public: __cdecl fbxsdk::FbxString::operator char const *(void)const " (??BFbxString@fbxsdk@@QEBAPEBDXZ) 在函式 "public: int __cdecl fbxsdk::FbxStringCompare::operator()(class fbxsdk::FbxString const &,class fbxsdk::FbxString const &)const " (??RFbxStringCompare@fbxsdk@@QEBAHAEBVFbxString@1@0@Z) 中被參考
main.obj : error LNK2001: 無法解析的外部符號 "public: __cdecl fbxsdk::FbxString::operator char const *(void)const " (??BFbxString@fbxsdk@@QEBAPEBDXZ)
fbxloader.obj : error LNK2019: 無法解析的外部符號 "public: int __cdecl fbxsdk::FbxString::Compare(char const *)const " (?Compare@FbxString@fbxsdk@@QEBAHPEBD@Z) 在函式 "public: int __cdecl fbxsdk::FbxStringCompare::operator()(class fbxsdk::FbxString const &,class fbxsdk::FbxString const &)const " (??RFbxStringCompare@fbxsdk@@QEBAHAEBVFbxString@1@0@Z) 中被參考
main.obj : error LNK2001: 無法解析的外部符號 "public: int __cdecl fbxsdk::FbxString::Compare(char const *)const " (?Compare@FbxString@fbxsdk@@QEBAHPEBD@Z)
fbxloader.obj : error LNK2019: 無法解析的外部符號 "public: char const * __cdecl fbxsdk::FbxStatus::GetErrorString(void)const " (?GetErrorString@FbxStatus@fbxsdk@@QEBAPEBDXZ) 在函式 "bool __cdecl LoadScene(class fbxsdk::FbxManager *,class fbxsdk::FbxScene *,class fbxsdk::FbxArray<class fbxsdk::FbxString *>,char const *)" (?LoadScene@@YA_NPEAVFbxManager@fbxsdk@@PEAVFbxScene@2@V?$FbxArray@PEAVFbxString@fbxsdk@@@2@PEBD@Z) 中被參考
fbxloader.obj : error LNK2019: 無法解析的外部符號 "public: __cdecl fbxsdk::FbxStringList::FbxStringList(void)" (??0FbxStringList@fbxsdk@@QEAA@XZ) 在函式 "void __cdecl LoadCacheRecursive(class fbxsdk::FbxScene *,class fbxsdk::FbxNode *,class fbxsdk::FbxAMatrix &,class fbxsdk::FbxTime &)" (?LoadCacheRecursive@@YAXPEAVFbxScene@fbxsdk@@PEAVFbxNode@2@AEAVFbxAMatrix@2@AEAVFbxTime@2@@Z) 中被參考
fbxloader.obj : error LNK2019: 無法解析的外部符號 "public: class fbxsdk::FbxTime __cdecl fbxsdk::FbxTime::operator+(class fbxsdk::FbxTime const &)const " (??HFbxTime@fbxsdk@@QEBA?AV01@AEBV01@@Z) 在函式 "void __cdecl GetFbxAnimation(struct _fbx_handles &,class std::vector<struct tinyobj::attrib_t,class std::allocator<struct tinyobj::attrib_t> > &,class std::vector<struct tinyobj::shape_t,class std::allocator<struct tinyobj::shape_t> > &,float)" (?GetFbxAnimation@@YAXAEAU_fbx_handles@@AEAV?$vector@Uattrib_t@tinyobj@@V?$allocator@Uattrib_t@tinyobj@@@std@@@std@@AEAV?$vector@Ushape_t@tinyobj@@V?$allocator@Ushape_t@tinyobj@@@std@@@3@M@Z) 中被參考
fbxloader.obj : error LNK2019: 無法解析的外部符號 "public: class fbxsdk::FbxTime __cdecl fbxsdk::FbxTime::operator-(class fbxsdk::FbxTime const &)const " (??GFbxTime@fbxsdk@@QEBA?AV01@AEBV01@@Z) 在函式 "void __cdecl GetFbxAnimation(struct _fbx_handles &,class std::vector<struct tinyobj::attrib_t,class std::allocator<struct tinyobj::attrib_t> > &,class std::vector<struct tinyobj::shape_t,class std::allocator<struct tinyobj::shape_t> > &,float)" (?GetFbxAnimation@@YAXAEAU_fbx_handles@@AEAV?$vector@Uattrib_t@tinyobj@@V?$allocator@Uattrib_t@tinyobj@@@std@@@std@@AEAV?$vector@Ushape_t@tinyobj@@V?$allocator@Ushape_t@tinyobj@@@std@@@3@M@Z) 中被參考
fbxloader.obj : error LNK2019: 無法解析的外部符號 "public: class fbxsdk::FbxTime __cdecl fbxsdk::FbxTime::operator*(int)const " (??DFbxTime@fbxsdk@@QEBA?AV01@H@Z) 在函式 "void __cdecl GetFbxAnimation(struct _fbx_handles &,class std::vector<struct tinyobj::attrib_t,class std::allocator<struct tinyobj::attrib_t> > &,class std::vector<struct tinyobj::shape_t,class std::allocator<struct tinyobj::shape_t> > &,float)" (?GetFbxAnimation@@YAXAEAU_fbx_handles@@AEAV?$vector@Uattrib_t@tinyobj@@V?$allocator@Uattrib_t@tinyobj@@@std@@@std@@AEAV?$vector@Ushape_t@tinyobj@@V?$allocator@Ushape_t@tinyobj@@@std@@@3@M@Z) 中被參考
fbxloader.obj : error LNK2019: 無法解析的外部符號 "public: class fbxsdk::FbxTime __cdecl fbxsdk::FbxTime::operator/(class fbxsdk::FbxTime const &)const " (??KFbxTime@fbxsdk@@QEBA?AV01@AEBV01@@Z) 在函式 "void __cdecl GetFbxAnimation(struct _fbx_handles &,class std::vector<struct tinyobj::attrib_t,class std::allocator<struct tinyobj::attrib_t> > &,class std::vector<struct tinyobj::shape_t,class std::allocator<struct tinyobj::shape_t> > &,float)" (?GetFbxAnimation@@YAXAEAU_fbx_handles@@AEAV?$vector@Uattrib_t@tinyobj@@V?$allocator@Uattrib_t@tinyobj@@@std@@@std@@AEAV?$vector@Ushape_t@tinyobj@@V?$allocator@Ushape_t@tinyobj@@@std@@@3@M@Z) 中被參考
fbxloader.obj : error LNK2019: 無法解析的外部符號 "class fbxsdk::FbxString __cdecl fbxsdk::FbxGetApplicationDirectory(void)" (?FbxGetApplicationDirectory@fbxsdk@@YA?AVFbxString@1@XZ) 在函式 "void __cdecl InitializeSdkObjects(class fbxsdk::FbxManager * &,class fbxsdk::FbxScene * &)" (?InitializeSdkObjects@@YAXAEAPEAVFbxManager@fbxsdk@@AEAPEAVFbxScene@2@@Z) 中被參考
fbxloader.obj : error LNK2019: 無法解析的外部符號 "public: __cdecl fbxsdk::FbxVector2::FbxVector2(void)" (??0FbxVector2@fbxsdk@@QEAA@XZ) 在函式 "public: class fbxsdk::FbxVector2 __cdecl fbxsdk::FbxLayerElementArrayTemplate<class fbxsdk::FbxVector2>::GetAt(int)const " (?GetAt@?$FbxLayerElementArrayTemplate@VFbxVector2@fbxsdk@@@fbxsdk@@QEBA?AVFbxVector2@2@H@Z) 中被參考
fbxloader.obj : error LNK2019: 無法解析的外部符號 "public: __cdecl fbxsdk::FbxVector2::FbxVector2(class fbxsdk::FbxVector2 const &)" (??0FbxVector2@fbxsdk@@QEAA@AEBV01@@Z) 在函式 "public: class fbxsdk::FbxVector2 __cdecl fbxsdk::FbxLayerElementArrayTemplate<class fbxsdk::FbxVector2>::GetAt(int)const " (?GetAt@?$FbxLayerElementArrayTemplate@VFbxVector2@fbxsdk@@@fbxsdk@@QEBA?AVFbxVector2@2@H@Z) 中被參考
fbxloader.obj : error LNK2019: 無法解析的外部符號 "public: class fbxsdk::FbxVector2 & __cdecl fbxsdk::FbxVector2::operator=(class fbxsdk::FbxVector2 const &)" (??4FbxVector2@fbxsdk@@QEAAAEAV01@AEBV01@@Z) 在函式 "void __cdecl LoadCacheRecursive(class fbxsdk::FbxScene *,class fbxsdk::FbxNode *,class fbxsdk::FbxAMatrix &,class fbxsdk::FbxTime &)" (?LoadCacheRecursive@@YAXPEAVFbxScene@fbxsdk@@PEAVFbxNode@2@AEAVFbxAMatrix@2@AEAVFbxTime@2@@Z) 中被參考
fbxloader.obj : error LNK2019: 無法解析的外部符號 "public: __cdecl fbxsdk::FbxVector4::FbxVector4(void)" (??0FbxVector4@fbxsdk@@QEAA@XZ) 在函式 "void __cdecl ComputeShapeDeformation(class fbxsdk::FbxMesh *,class fbxsdk::FbxTime &,class fbxsdk::FbxAnimLayer *,class fbxsdk::FbxVector4 *)" (?ComputeShapeDeformation@@YAXPEAVFbxMesh@fbxsdk@@AEAVFbxTime@2@PEAVFbxAnimLayer@2@PEAVFbxVector4@2@@Z) 中被參考
fbxloader.obj : error LNK2019: 無法解析的外部符號 "public: __cdecl fbxsdk::FbxVector4::FbxVector4(class fbxsdk::FbxVector4 const &)" (??0FbxVector4@fbxsdk@@QEAA@AEBV01@@Z) 在函式 "void __cdecl ComputeDualQuaternionDeformation(class fbxsdk::FbxAMatrix &,class fbxsdk::FbxMesh *,class fbxsdk::FbxTime &,class fbxsdk::FbxVector4 *,class fbxsdk::FbxPose *)" (?ComputeDualQuaternionDeformation@@YAXAEAVFbxAMatrix@fbxsdk@@PEAVFbxMesh@2@AEAVFbxTime@2@PEAVFbxVector4@2@PEAVFbxPose@2@@Z) 中被參考
fbxloader.obj : error LNK2019: 無法解析的外部符號 "public: class fbxsdk::FbxVector4 & __cdecl fbxsdk::FbxVector4::operator=(class fbxsdk::FbxVector4 const &)" (??4FbxVector4@fbxsdk@@QEAAAEAV01@AEBV01@@Z) 在函式 "void __cdecl ComputeDualQuaternionDeformation(class fbxsdk::FbxAMatrix &,class fbxsdk::FbxMesh *,class fbxsdk::FbxTime &,class fbxsdk::FbxVector4 *,class fbxsdk::FbxPose *)" (?ComputeDualQuaternionDeformation@@YAXAEAVFbxAMatrix@fbxsdk@@PEAVFbxMesh@2@AEAVFbxTime@2@PEAVFbxVector4@2@PEAVFbxPose@2@@Z) 中被參考
fbxloader.obj : error LNK2019: 無法解析的外部符號 "public: class fbxsdk::FbxVector4 __cdecl fbxsdk::FbxVector4::operator*(double)const " (??DFbxVector4@fbxsdk@@QEBA?AV01@N@Z) 在函式 "void __cdecl ComputeShapeDeformation(class fbxsdk::FbxMesh *,class fbxsdk::FbxTime &,class fbxsdk::FbxAnimLayer *,class fbxsdk::FbxVector4 *)" (?ComputeShapeDeformation@@YAXPEAVFbxMesh@fbxsdk@@AEAVFbxTime@2@PEAVFbxAnimLayer@2@PEAVFbxVector4@2@@Z) 中被參考
fbxloader.obj : error LNK2019: 無法解析的外部符號 "public: class fbxsdk::FbxVector4 & __cdecl fbxsdk::FbxVector4::operator*=(double)" (??XFbxVector4@fbxsdk@@QEAAAEAV01@N@Z) 在函式 "void __cdecl ComputeDualQuaternionDeformation(class fbxsdk::FbxAMatrix &,class fbxsdk::FbxMesh *,class fbxsdk::FbxTime &,class fbxsdk::FbxVector4 *,class fbxsdk::FbxPose *)" (?ComputeDualQuaternionDeformation@@YAXAEAVFbxAMatrix@fbxsdk@@PEAVFbxMesh@2@AEAVFbxTime@2@PEAVFbxVector4@2@PEAVFbxPose@2@@Z) 中被參考
fbxloader.obj : error LNK2019: 無法解析的外部符號 "public: class fbxsdk::FbxVector4 & __cdecl fbxsdk::FbxVector4::operator/=(double)" (??_0FbxVector4@fbxsdk@@QEAAAEAV01@N@Z) 在函式 "void __cdecl ComputeDualQuaternionDeformation(class fbxsdk::FbxAMatrix &,class fbxsdk::FbxMesh *,class fbxsdk::FbxTime &,class fbxsdk::FbxVector4 *,class fbxsdk::FbxPose *)" (?ComputeDualQuaternionDeformation@@YAXAEAVFbxAMatrix@fbxsdk@@PEAVFbxMesh@2@AEAVFbxTime@2@PEAVFbxVector4@2@PEAVFbxPose@2@@Z) 中被參考
fbxloader.obj : error LNK2019: 無法解析的外部符號 "public: class fbxsdk::FbxVector4 __cdecl fbxsdk::FbxVector4::operator+(class fbxsdk::FbxVector4 const &)const " (??HFbxVector4@fbxsdk@@QEBA?AV01@AEBV01@@Z) 在函式 "void __cdecl ComputeSkinDeformation(class fbxsdk::FbxAMatrix &,class fbxsdk::FbxMesh *,class fbxsdk::FbxTime &,class fbxsdk::FbxVector4 *,class fbxsdk::FbxPose *)" (?ComputeSkinDeformation@@YAXAEAVFbxAMatrix@fbxsdk@@PEAVFbxMesh@2@AEAVFbxTime@2@PEAVFbxVector4@2@PEAVFbxPose@2@@Z) 中被參考
fbxloader.obj : error LNK2019: 無法解析的外部符號 "public: class fbxsdk::FbxVector4 __cdecl fbxsdk::FbxVector4::operator-(class fbxsdk::FbxVector4 const &)const " (??GFbxVector4@fbxsdk@@QEBA?AV01@AEBV01@@Z) 在函式 "void __cdecl ComputeShapeDeformation(class fbxsdk::FbxMesh *,class fbxsdk::FbxTime &,class fbxsdk::FbxAnimLayer *,class fbxsdk::FbxVector4 *)" (?ComputeShapeDeformation@@YAXPEAVFbxMesh@fbxsdk@@AEAVFbxTime@2@PEAVFbxAnimLayer@2@PEAVFbxVector4@2@@Z) 中被參考
fbxloader.obj : error LNK2019: 無法解析的外部符號 "public: class fbxsdk::FbxVector4 & __cdecl fbxsdk::FbxVector4::operator+=(class fbxsdk::FbxVector4 const &)" (??YFbxVector4@fbxsdk@@QEAAAEAV01@AEBV01@@Z) 在函式 "void __cdecl ComputeDualQuaternionDeformation(class fbxsdk::FbxAMatrix &,class fbxsdk::FbxMesh *,class fbxsdk::FbxTime &,class fbxsdk::FbxVector4 *,class fbxsdk::FbxPose *)" (?ComputeDualQuaternionDeformation@@YAXAEAVFbxAMatrix@fbxsdk@@PEAVFbxMesh@2@AEAVFbxTime@2@PEAVFbxVector4@2@PEAVFbxPose@2@@Z) 中被參考
fbxloader.obj : error LNK2019: 無法解析的外部符號 "public: __cdecl fbxsdk::FbxMatrix::FbxMatrix(class fbxsdk::FbxMatrix const &)" (??0FbxMatrix@fbxsdk@@QEAA@AEBV01@@Z) 在函式 "class fbxsdk::FbxAMatrix __cdecl GetPoseMatrix(class fbxsdk::FbxPose *,int)" (?GetPoseMatrix@@YA?AVFbxAMatrix@fbxsdk@@PEAVFbxPose@2@H@Z) 中被參考
fbxloader.obj : error LNK2019: 無法解析的外部符號 "public: __cdecl fbxsdk::FbxMatrix::~FbxMatrix(void)" (??1FbxMatrix@fbxsdk@@QEAA@XZ) 在函式 "class fbxsdk::FbxAMatrix __cdecl GetPoseMatrix(class fbxsdk::FbxPose *,int)" (?GetPoseMatrix@@YA?AVFbxAMatrix@fbxsdk@@PEAVFbxPose@2@H@Z) 中被參考
fbxloader.obj : error LNK2019: 無法解析的外部符號 "public: __cdecl fbxsdk::FbxMatrix::operator double *(void)" (??BFbxMatrix@fbxsdk@@QEAAPEANXZ) 在函式 "class fbxsdk::FbxAMatrix __cdecl GetPoseMatrix(class fbxsdk::FbxPose *,int)" (?GetPoseMatrix@@YA?AVFbxAMatrix@fbxsdk@@PEAVFbxPose@2@H@Z) 中被參考
fbxloader.obj : error LNK2019: 無法解析的外部符號 "public: __cdecl fbxsdk::FbxAMatrix::FbxAMatrix(void)" (??0FbxAMatrix@fbxsdk@@QEAA@XZ) 在函式 "void __cdecl ComputeClusterDeformation(class fbxsdk::FbxAMatrix &,class fbxsdk::FbxMesh *,class fbxsdk::FbxCluster *,class fbxsdk::FbxAMatrix &,class fbxsdk::FbxTime,class fbxsdk::FbxPose *)" (?ComputeClusterDeformation@@YAXAEAVFbxAMatrix@fbxsdk@@PEAVFbxMesh@2@PEAVFbxCluster@2@0VFbxTime@2@PEAVFbxPose@2@@Z) 中被參考
fbxloader.obj : error LNK2019: 無法解析的外部符號 "public: __cdecl fbxsdk::FbxAMatrix::FbxAMatrix(class fbxsdk::FbxAMatrix const &)" (??0FbxAMatrix@fbxsdk@@QEAA@AEBV01@@Z) 在函式 "void __cdecl ComputeLinearDeformation(class fbxsdk::FbxAMatrix &,class fbxsdk::FbxMesh *,class fbxsdk::FbxTime &,class fbxsdk::FbxVector4 *,class fbxsdk::FbxPose *)" (?ComputeLinearDeformation@@YAXAEAVFbxAMatrix@fbxsdk@@PEAVFbxMesh@2@AEAVFbxTime@2@PEAVFbxVector4@2@PEAVFbxPose@2@@Z) 中被參考
fbxloader.obj : error LNK2019: 無法解析的外部符號 "public: __cdecl fbxsdk::FbxAMatrix::FbxAMatrix(class fbxsdk::FbxVector4 const &,class fbxsdk::FbxVector4 const &,class fbxsdk::FbxVector4 const &)" (??0FbxAMatrix@fbxsdk@@QEAA@AEBVFbxVector4@1@00@Z) 在函式 "class fbxsdk::FbxAMatrix __cdecl GetGeometry(class fbxsdk::FbxNode *)" (?GetGeometry@@YA?AVFbxAMatrix@fbxsdk@@PEAVFbxNode@2@@Z) 中被參考
fbxloader.obj : error LNK2019: 無法解析的外部符號 "public: __cdecl fbxsdk::FbxAMatrix::~FbxAMatrix(void)" (??1FbxAMatrix@fbxsdk@@QEAA@XZ) 在函式 "public: void * __cdecl fbxsdk::FbxAMatrix::`vector deleting destructor'(unsigned int)" (??_EFbxAMatrix@fbxsdk@@QEAAPEAXI@Z) 中被參考
fbxloader.obj : error LNK2019: 無法解析的外部符號 "public: class fbxsdk::FbxVector4 __cdecl fbxsdk::FbxAMatrix::GetT(void)const " (?GetT@FbxAMatrix@fbxsdk@@QEBA?AVFbxVector4@2@XZ) 在函式 "void __cdecl ComputeDualQuaternionDeformation(class fbxsdk::FbxAMatrix &,class fbxsdk::FbxMesh *,class fbxsdk::FbxTime &,class fbxsdk::FbxVector4 *,class fbxsdk::FbxPose *)" (?ComputeDualQuaternionDeformation@@YAXAEAVFbxAMatrix@fbxsdk@@PEAVFbxMesh@2@AEAVFbxTime@2@PEAVFbxVector4@2@PEAVFbxPose@2@@Z) 中被參考
fbxloader.obj : error LNK2019: 無法解析的外部符號 "public: class fbxsdk::FbxQuaternion __cdecl fbxsdk::FbxAMatrix::GetQ(void)const " (?GetQ@FbxAMatrix@fbxsdk@@QEBA?AVFbxQuaternion@2@XZ) 在函式 "void __cdecl ComputeDualQuaternionDeformation(class fbxsdk::FbxAMatrix &,class fbxsdk::FbxMesh *,class fbxsdk::FbxTime &,class fbxsdk::FbxVector4 *,class fbxsdk::FbxPose *)" (?ComputeDualQuaternionDeformation@@YAXAEAVFbxAMatrix@fbxsdk@@PEAVFbxMesh@2@AEAVFbxTime@2@PEAVFbxVector4@2@PEAVFbxPose@2@@Z) 中被參考
fbxloader.obj : error LNK2019: 無法解析的外部符號 "public: void __cdecl fbxsdk::FbxAMatrix::SetIdentity(void)" (?SetIdentity@FbxAMatrix@fbxsdk@@QEAAXXZ) 在函式 "void __cdecl ComputeLinearDeformation(class fbxsdk::FbxAMatrix &,class fbxsdk::FbxMesh *,class fbxsdk::FbxTime &,class fbxsdk::FbxVector4 *,class fbxsdk::FbxPose *)" (?ComputeLinearDeformation@@YAXAEAVFbxAMatrix@fbxsdk@@PEAVFbxMesh@2@AEAVFbxTime@2@PEAVFbxVector4@2@PEAVFbxPose@2@@Z) 中被參考
fbxloader.obj : error LNK2019: 無法解析的外部符號 "public: class fbxsdk::FbxAMatrix & __cdecl fbxsdk::FbxAMatrix::operator=(class fbxsdk::FbxAMatrix const &)" (??4FbxAMatrix@fbxsdk@@QEAAAEAV01@AEBV01@@Z) 在函式 "void __cdecl ComputeClusterDeformation(class fbxsdk::FbxAMatrix &,class fbxsdk::FbxMesh *,class fbxsdk::FbxCluster *,class fbxsdk::FbxAMatrix &,class fbxsdk::FbxTime,class fbxsdk::FbxPose *)" (?ComputeClusterDeformation@@YAXAEAVFbxAMatrix@fbxsdk@@PEAVFbxMesh@2@PEAVFbxCluster@2@0VFbxTime@2@PEAVFbxPose@2@@Z) 中被參考
fbxloader.obj : error LNK2019: 無法解析的外部符號 "public: class fbxsdk::FbxVector4 __cdecl fbxsdk::FbxAMatrix::MultT(class fbxsdk::FbxVector4 const &)const " (?MultT@FbxAMatrix@fbxsdk@@QEBA?AVFbxVector4@2@AEBV32@@Z) 在函式 "void __cdecl ComputeLinearDeformation(class fbxsdk::FbxAMatrix &,class fbxsdk::FbxMesh *,class fbxsdk::FbxTime &,class fbxsdk::FbxVector4 *,class fbxsdk::FbxPose *)" (?ComputeLinearDeformation@@YAXAEAVFbxAMatrix@fbxsdk@@PEAVFbxMesh@2@AEAVFbxTime@2@PEAVFbxVector4@2@PEAVFbxPose@2@@Z) 中被參考
fbxloader.obj : error LNK2019: 無法解析的外部符號 "public: class fbxsdk::FbxAMatrix __cdecl fbxsdk::FbxAMatrix::operator*(class fbxsdk::FbxAMatrix const &)const " (??DFbxAMatrix@fbxsdk@@QEBA?AV01@AEBV01@@Z) 在函式 "void __cdecl ComputeClusterDeformation(class fbxsdk::FbxAMatrix &,class fbxsdk::FbxMesh *,class fbxsdk::FbxCluster *,class fbxsdk::FbxAMatrix &,class fbxsdk::FbxTime,class fbxsdk::FbxPose *)" (?ComputeClusterDeformation@@YAXAEAVFbxAMatrix@fbxsdk@@PEAVFbxMesh@2@PEAVFbxCluster@2@0VFbxTime@2@PEAVFbxPose@2@@Z) 中被參考
fbxloader.obj : error LNK2019: 無法解析的外部符號 "public: class fbxsdk::FbxAMatrix & __cdecl fbxsdk::FbxAMatrix::operator*=(class fbxsdk::FbxAMatrix const &)" (??XFbxAMatrix@fbxsdk@@QEAAAEAV01@AEBV01@@Z) 在函式 "void __cdecl ComputeClusterDeformation(class fbxsdk::FbxAMatrix &,class fbxsdk::FbxMesh *,class fbxsdk::FbxCluster *,class fbxsdk::FbxAMatrix &,class fbxsdk::FbxTime,class fbxsdk::FbxPose *)" (?ComputeClusterDeformation@@YAXAEAVFbxAMatrix@fbxsdk@@PEAVFbxMesh@2@PEAVFbxCluster@2@0VFbxTime@2@PEAVFbxPose@2@@Z) 中被參考
fbxloader.obj : error LNK2019: 無法解析的外部符號 "public: class fbxsdk::FbxAMatrix __cdecl fbxsdk::FbxAMatrix::Inverse(void)const " (?Inverse@FbxAMatrix@fbxsdk@@QEBA?AV12@XZ) 在函式 "void __cdecl ComputeClusterDeformation(class fbxsdk::FbxAMatrix &,class fbxsdk::FbxMesh *,class fbxsdk::FbxCluster *,class fbxsdk::FbxAMatrix &,class fbxsdk::FbxTime,class fbxsdk::FbxPose *)" (?ComputeClusterDeformation@@YAXAEAVFbxAMatrix@fbxsdk@@PEAVFbxMesh@2@PEAVFbxCluster@2@0VFbxTime@2@PEAVFbxPose@2@@Z) 中被參考
fbxloader.obj : error LNK2019: 無法解析的外部符號 "public: __cdecl fbxsdk::FbxAMatrix::operator double *(void)" (??BFbxAMatrix@fbxsdk@@QEAAPEANXZ) 在函式 "class fbxsdk::FbxAMatrix __cdecl GetPoseMatrix(class fbxsdk::FbxPose *,int)" (?GetPoseMatrix@@YA?AVFbxAMatrix@fbxsdk@@PEAVFbxPose@2@H@Z) 中被參考
fbxloader.obj : error LNK2019: 無法解析的外部符號 "public: __cdecl fbxsdk::FbxQuaternion::~FbxQuaternion(void)" (??1FbxQuaternion@fbxsdk@@QEAA@XZ) 在函式 "void __cdecl ComputeDualQuaternionDeformation(class fbxsdk::FbxAMatrix &,class fbxsdk::FbxMesh *,class fbxsdk::FbxTime &,class fbxsdk::FbxVector4 *,class fbxsdk::FbxPose *)" (?ComputeDualQuaternionDeformation@@YAXAEAVFbxAMatrix@fbxsdk@@PEAVFbxMesh@2@AEAVFbxTime@2@PEAVFbxVector4@2@PEAVFbxPose@2@@Z) 中被參考
fbxloader.obj : error LNK2019: 無法解析的外部符號 "public: double __cdecl fbxsdk::FbxQuaternion::DotProduct(class fbxsdk::FbxQuaternion const &)const " (?DotProduct@FbxQuaternion@fbxsdk@@QEBANAEBV12@@Z) 在函式 "void __cdecl ComputeDualQuaternionDeformation(class fbxsdk::FbxAMatrix &,class fbxsdk::FbxMesh *,class fbxsdk::FbxTime &,class fbxsdk::FbxVector4 *,class fbxsdk::FbxPose *)" (?ComputeDualQuaternionDeformation@@YAXAEAVFbxAMatrix@fbxsdk@@PEAVFbxMesh@2@AEAVFbxTime@2@PEAVFbxVector4@2@PEAVFbxPose@2@@Z) 中被參考
fbxloader.obj : error LNK2019: 無法解析的外部符號 "public: __cdecl fbxsdk::FbxDualQuaternion::FbxDualQuaternion(void)" (??0FbxDualQuaternion@fbxsdk@@QEAA@XZ) 在函式 "void __cdecl ComputeDualQuaternionDeformation(class fbxsdk::FbxAMatrix &,class fbxsdk::FbxMesh *,class fbxsdk::FbxTime &,class fbxsdk::FbxVector4 *,class fbxsdk::FbxPose *)" (?ComputeDualQuaternionDeformation@@YAXAEAVFbxAMatrix@fbxsdk@@PEAVFbxMesh@2@AEAVFbxTime@2@PEAVFbxVector4@2@PEAVFbxPose@2@@Z) 中被參考
fbxloader.obj : error LNK2019: 無法解析的外部符號 "public: __cdecl fbxsdk::FbxDualQuaternion::FbxDualQuaternion(class fbxsdk::FbxQuaternion const &,class fbxsdk::FbxVector4 const &)" (??0FbxDualQuaternion@fbxsdk@@QEAA@AEBVFbxQuaternion@1@AEBVFbxVector4@1@@Z) 在函式 "void __cdecl ComputeDualQuaternionDeformation(class fbxsdk::FbxAMatrix &,class fbxsdk::FbxMesh *,class fbxsdk::FbxTime &,class fbxsdk::FbxVector4 *,class fbxsdk::FbxPose *)" (?ComputeDualQuaternionDeformation@@YAXAEAVFbxAMatrix@fbxsdk@@PEAVFbxMesh@2@AEAVFbxTime@2@PEAVFbxVector4@2@PEAVFbxPose@2@@Z) 中被參考
fbxloader.obj : error LNK2019: 無法解析的外部符號 "public: __cdecl fbxsdk::FbxDualQuaternion::~FbxDualQuaternion(void)" (??1FbxDualQuaternion@fbxsdk@@QEAA@XZ) 在函式 "public: void * __cdecl fbxsdk::FbxDualQuaternion::`vector deleting destructor'(unsigned int)" (??_EFbxDualQuaternion@fbxsdk@@QEAAPEAXI@Z) 中被參考
fbxloader.obj : error LNK2019: 無法解析的外部符號 "public: class fbxsdk::FbxDualQuaternion & __cdecl fbxsdk::FbxDualQuaternion::operator=(class fbxsdk::FbxDualQuaternion const &)" (??4FbxDualQuaternion@fbxsdk@@QEAAAEAV01@AEBV01@@Z) 在函式 "void __cdecl ComputeDualQuaternionDeformation(class fbxsdk::FbxAMatrix &,class fbxsdk::FbxMesh *,class fbxsdk::FbxTime &,class fbxsdk::FbxVector4 *,class fbxsdk::FbxPose *)" (?ComputeDualQuaternionDeformation@@YAXAEAVFbxAMatrix@fbxsdk@@PEAVFbxMesh@2@AEAVFbxTime@2@PEAVFbxVector4@2@PEAVFbxPose@2@@Z) 中被參考
fbxloader.obj : error LNK2019: 無法解析的外部符號 "public: class fbxsdk::FbxQuaternion & __cdecl fbxsdk::FbxDualQuaternion::GetFirstQuaternion(void)" (?GetFirstQuaternion@FbxDualQuaternion@fbxsdk@@QEAAAEAVFbxQuaternion@2@XZ) 在函式 "void __cdecl ComputeDualQuaternionDeformation(class fbxsdk::FbxAMatrix &,class fbxsdk::FbxMesh *,class fbxsdk::FbxTime &,class fbxsdk::FbxVector4 *,class fbxsdk::FbxPose *)" (?ComputeDualQuaternionDeformation@@YAXAEAVFbxAMatrix@fbxsdk@@PEAVFbxMesh@2@AEAVFbxTime@2@PEAVFbxVector4@2@PEAVFbxPose@2@@Z) 中被參考
fbxloader.obj : error LNK2019: 無法解析的外部符號 "public: class fbxsdk::FbxDualQuaternion __cdecl fbxsdk::FbxDualQuaternion::operator*(double)const " (??DFbxDualQuaternion@fbxsdk@@QEBA?AV01@N@Z) 在函式 "void __cdecl ComputeDualQuaternionDeformation(class fbxsdk::FbxAMatrix &,class fbxsdk::FbxMesh *,class fbxsdk::FbxTime &,class fbxsdk::FbxVector4 *,class fbxsdk::FbxPose *)" (?ComputeDualQuaternionDeformation@@YAXAEAVFbxAMatrix@fbxsdk@@PEAVFbxMesh@2@AEAVFbxTime@2@PEAVFbxVector4@2@PEAVFbxPose@2@@Z) 中被參考
fbxloader.obj : error LNK2019: 無法解析的外部符號 "public: class fbxsdk::FbxDualQuaternion & __cdecl fbxsdk::FbxDualQuaternion::operator+=(class fbxsdk::FbxDualQuaternion const &)" (??YFbxDualQuaternion@fbxsdk@@QEAAAEAV01@AEBV01@@Z) 在函式 "void __cdecl ComputeDualQuaternionDeformation(class fbxsdk::FbxAMatrix &,class fbxsdk::FbxMesh *,class fbxsdk::FbxTime &,class fbxsdk::FbxVector4 *,class fbxsdk::FbxPose *)" (?ComputeDualQuaternionDeformation@@YAXAEAVFbxAMatrix@fbxsdk@@PEAVFbxMesh@2@AEAVFbxTime@2@PEAVFbxVector4@2@PEAVFbxPose@2@@Z) 中被參考
fbxloader.obj : error LNK2019: 無法解析的外部符號 "public: class fbxsdk::FbxDualQuaternion & __cdecl fbxsdk::FbxDualQuaternion::operator-=(class fbxsdk::FbxDualQuaternion const &)" (??ZFbxDualQuaternion@fbxsdk@@QEAAAEAV01@AEBV01@@Z) 在函式 "void __cdecl ComputeDualQuaternionDeformation(class fbxsdk::FbxAMatrix &,class fbxsdk::FbxMesh *,class fbxsdk::FbxTime &,class fbxsdk::FbxVector4 *,class fbxsdk::FbxPose *)" (?ComputeDualQuaternionDeformation@@YAXAEAVFbxAMatrix@fbxsdk@@PEAVFbxMesh@2@AEAVFbxTime@2@PEAVFbxVector4@2@PEAVFbxPose@2@@Z) 中被參考
fbxloader.obj : error LNK2019: 無法解析的外部符號 "public: void __cdecl fbxsdk::FbxDualQuaternion::Normalize(void)" (?Normalize@FbxDualQuaternion@fbxsdk@@QEAAXXZ) 在函式 "void __cdecl ComputeDualQuaternionDeformation(class fbxsdk::FbxAMatrix &,class fbxsdk::FbxMesh *,class fbxsdk::FbxTime &,class fbxsdk::FbxVector4 *,class fbxsdk::FbxPose *)" (?ComputeDualQuaternionDeformation@@YAXAEAVFbxAMatrix@fbxsdk@@PEAVFbxMesh@2@AEAVFbxTime@2@PEAVFbxVector4@2@PEAVFbxPose@2@@Z) 中被參考
fbxloader.obj : error LNK2019: 無法解析的外部符號 "public: class fbxsdk::FbxVector4 __cdecl fbxsdk::FbxDualQuaternion::Deform(class fbxsdk::FbxVector4 &)" (?Deform@FbxDualQuaternion@fbxsdk@@QEAA?AVFbxVector4@2@AEAV32@@Z) 在函式 "void __cdecl ComputeDualQuaternionDeformation(class fbxsdk::FbxAMatrix &,class fbxsdk::FbxMesh *,class fbxsdk::FbxTime &,class fbxsdk::FbxVector4 *,class fbxsdk::FbxPose *)" (?ComputeDualQuaternionDeformation@@YAXAEAVFbxAMatrix@fbxsdk@@PEAVFbxMesh@2@AEAVFbxTime@2@PEAVFbxVector4@2@PEAVFbxPose@2@@Z) 中被參考
fbxloader.obj : error LNK2019: 無法解析的外部符號 "public: __cdecl fbxsdk::FbxSystemUnit::~FbxSystemUnit(void)" (??1FbxSystemUnit@fbxsdk@@QEAA@XZ) 在函式 "bool __cdecl LoadScene(class fbxsdk::FbxManager *,class fbxsdk::FbxScene *,class fbxsdk::FbxArray<class fbxsdk::FbxString *>,char const *)" (?LoadScene@@YA_NPEAVFbxManager@fbxsdk@@PEAVFbxScene@2@V?$FbxArray@PEAVFbxString@fbxsdk@@@2@PEBD@Z) 中被參考
fbxloader.obj : error LNK2019: 無法解析的外部符號 "public: void __cdecl fbxsdk::FbxSystemUnit::ConvertScene(class fbxsdk::FbxScene *,struct fbxsdk::FbxSystemUnit::ConversionOptions const &)const " (?ConvertScene@FbxSystemUnit@fbxsdk@@QEBAXPEAVFbxScene@2@AEBUConversionOptions@12@@Z) 在函式 "bool __cdecl LoadScene(class fbxsdk::FbxManager *,class fbxsdk::FbxScene *,class fbxsdk::FbxArray<class fbxsdk::FbxString *>,char const *)" (?LoadScene@@YA_NPEAVFbxManager@fbxsdk@@PEAVFbxScene@2@V?$FbxArray@PEAVFbxString@fbxsdk@@@2@PEBD@Z) 中被參考
fbxloader.obj : error LNK2019: 無法解析的外部符號 "public: double __cdecl fbxsdk::FbxSystemUnit::GetScaleFactor(void)const " (?GetScaleFactor@FbxSystemUnit@fbxsdk@@QEBANXZ) 在函式 "bool __cdecl LoadScene(class fbxsdk::FbxManager *,class fbxsdk::FbxScene *,class fbxsdk::FbxArray<class fbxsdk::FbxString *>,char const *)" (?LoadScene@@YA_NPEAVFbxManager@fbxsdk@@PEAVFbxScene@2@V?$FbxArray@PEAVFbxString@fbxsdk@@@2@PEBD@Z) 中被參考
fbxloader.obj : error LNK2019: 無法解析的外部符號 "public: __cdecl fbxsdk::FbxPropertyHandle::~FbxPropertyHandle(void)" (??1FbxPropertyHandle@fbxsdk@@QEAA@XZ) 在函式 "public: class fbxsdk::FbxProperty __cdecl fbxsdk::FbxProperty::Find(char const *,bool)const " (?Find@FbxProperty@fbxsdk@@QEBA?AV12@PEBD_N@Z) 中被參考
fbxloader.obj : error LNK2019: 無法解析的外部符號 "public: class fbxsdk::FbxPropertyHandle __cdecl fbxsdk::FbxPropertyHandle::Find(char const *,bool)const " (?Find@FbxPropertyHandle@fbxsdk@@QEBA?AV12@PEBD_N@Z) 在函式 "public: class fbxsdk::FbxProperty __cdecl fbxsdk::FbxProperty::Find(char const *,bool)const " (?Find@FbxProperty@fbxsdk@@QEBA?AV12@PEBD_N@Z) 中被參考
fbxloader.obj : error LNK2019: 無法解析的外部符號 "public: static class fbxsdk::FbxCriteria __cdecl fbxsdk::FbxCriteria::ObjectType(class fbxsdk::FbxClassId const &)" (?ObjectType@FbxCriteria@fbxsdk@@SA?AV12@AEBVFbxClassId@2@@Z) 在函式 "public: class fbxsdk::FbxAnimLayer * __cdecl fbxsdk::FbxObject::GetSrcObject<class fbxsdk::FbxAnimLayer>(int)const " (??$GetSrcObject@VFbxAnimLayer@fbxsdk@@@FbxObject@fbxsdk@@QEBAPEAVFbxAnimLayer@1@H@Z) 中被參考
fbxloader.obj : error LNK2019: 無法解析的外部符號 "public: __cdecl fbxsdk::FbxCriteria::~FbxCriteria(void)" (??1FbxCriteria@fbxsdk@@QEAA@XZ) 在函式 "public: class fbxsdk::FbxAnimLayer * __cdecl fbxsdk::FbxObject::GetSrcObject<class fbxsdk::FbxAnimLayer>(int)const " (??$GetSrcObject@VFbxAnimLayer@fbxsdk@@@FbxObject@fbxsdk@@QEBAPEAVFbxAnimLayer@1@H@Z) 中被參考
fbxloader.obj : error LNK2019: 無法解析的外部符號 "public: __cdecl fbxsdk::FbxProperty::FbxProperty(class fbxsdk::FbxPropertyHandle const &)" (??0FbxProperty@fbxsdk@@QEAA@AEBVFbxPropertyHandle@1@@Z) 在函式 "public: class fbxsdk::FbxProperty __cdecl fbxsdk::FbxProperty::Find(char const *,bool)const " (?Find@FbxProperty@fbxsdk@@QEBA?AV12@PEBD_N@Z) 中被參考
fbxloader.obj : error LNK2019: 無法解析的外部符號 "public: __cdecl fbxsdk::FbxProperty::~FbxProperty(void)" (??1FbxProperty@fbxsdk@@QEAA@XZ) 在函式 "class fbxsdk::FbxVectorTemplate3<double> __cdecl GetMaterialProperty(class fbxsdk::FbxSurfaceMaterial const *,char const *,char const *,class std::basic_string<char,struct std::char_traits<char>,class std::allocator<char> > &)" (?GetMaterialProperty@@YA?AV?$FbxVectorTemplate3@N@fbxsdk@@PEBVFbxSurfaceMaterial@2@PEBD1AEAV?$basic_string@DU?$char_traits@D@std@@V?$allocator@D@2@@std@@@Z) 中被參考
fbxloader.obj : error LNK2019: 無法解析的外部符號 "public: bool __cdecl fbxsdk::FbxProperty::IsValid(void)const " (?IsValid@FbxProperty@fbxsdk@@QEBA_NXZ) 在函式 "class fbxsdk::FbxVectorTemplate3<double> __cdecl GetMaterialProperty(class fbxsdk::FbxSurfaceMaterial const *,char const *,char const *,class std::basic_string<char,struct std::char_traits<char>,class std::allocator<char> > &)" (?GetMaterialProperty@@YA?AV?$FbxVectorTemplate3@N@fbxsdk@@PEBVFbxSurfaceMaterial@2@PEBD1AEAV?$basic_string@DU?$char_traits@D@std@@V?$allocator@D@2@@std@@@Z) 中被參考
fbxloader.obj : error LNK2019: 無法解析的外部符號 "public: int __cdecl fbxsdk::FbxProperty::GetSrcObjectCount(class fbxsdk::FbxCriteria const &)const " (?GetSrcObjectCount@FbxProperty@fbxsdk@@QEBAHAEBVFbxCriteria@2@@Z) 在函式 "public: int __cdecl fbxsdk::FbxProperty::GetSrcObjectCount<class fbxsdk::FbxFileTexture>(void)const " (??$GetSrcObjectCount@VFbxFileTexture@fbxsdk@@@FbxProperty@fbxsdk@@QEBAHXZ) 中被參考
fbxloader.obj : error LNK2019: 無法解析的外部符號 "public: class fbxsdk::FbxObject * __cdecl fbxsdk::FbxProperty::GetSrcObject(class fbxsdk::FbxCriteria const &,int)const " (?GetSrcObject@FbxProperty@fbxsdk@@QEBAPEAVFbxObject@2@AEBVFbxCriteria@2@H@Z) 在函式 "public: class fbxsdk::FbxAnimLayer * __cdecl fbxsdk::FbxObject::GetSrcObject<class fbxsdk::FbxAnimLayer>(int)const " (??$GetSrcObject@VFbxAnimLayer@fbxsdk@@@FbxObject@fbxsdk@@QEBAPEAVFbxAnimLayer@1@H@Z) 中被參考
fbxloader.obj : error LNK2019: 無法解析的外部符號 "protected: bool __cdecl fbxsdk::FbxProperty::Get(void *,enum fbxsdk::EFbxType const &)const " (?Get@FbxProperty@fbxsdk@@IEBA_NPEAXAEBW4EFbxType@2@@Z) 在函式 "public: double __cdecl fbxsdk::FbxProperty::Get<double>(void)const " (??$Get@N@FbxProperty@fbxsdk@@QEBANXZ) 中被參考
fbxloader.obj : error LNK2019: 無法解析的外部符號 "public: void __cdecl fbxsdk::FbxObject::Destroy(bool)" (?Destroy@FbxObject@fbxsdk@@QEAAX_N@Z) 在函式 "bool __cdecl LoadScene(class fbxsdk::FbxManager *,class fbxsdk::FbxScene *,class fbxsdk::FbxArray<class fbxsdk::FbxString *>,char const *)" (?LoadScene@@YA_NPEAVFbxManager@fbxsdk@@PEAVFbxScene@2@V?$FbxArray@PEAVFbxString@fbxsdk@@@2@PEBD@Z) 中被參考
fbxloader.obj : error LNK2019: 無法解析的外部符號 "public: char const * __cdecl fbxsdk::FbxObject::GetName(void)const " (?GetName@FbxObject@fbxsdk@@QEBAPEBDXZ) 在函式 "void __cdecl DisplayHierarchy(class fbxsdk::FbxNode *,int)" (?DisplayHierarchy@@YAXPEAVFbxNode@fbxsdk@@H@Z) 中被參考
fbxloader.obj : error LNK2019: 無法解析的外部符號 "public: static class fbxsdk::FbxManager * __cdecl fbxsdk::FbxManager::Create(void)" (?Create@FbxManager@fbxsdk@@SAPEAV12@XZ) 在函式 "void __cdecl InitializeSdkObjects(class fbxsdk::FbxManager * &,class fbxsdk::FbxScene * &)" (?InitializeSdkObjects@@YAXAEAPEAVFbxManager@fbxsdk@@AEAPEAVFbxScene@2@@Z) 中被參考
fbxloader.obj : error LNK2019: 無法解析的外部符號 "public: static char const * __cdecl fbxsdk::FbxManager::GetVersion(bool)" (?GetVersion@FbxManager@fbxsdk@@SAPEBD_N@Z) 在函式 "void __cdecl InitializeSdkObjects(class fbxsdk::FbxManager * &,class fbxsdk::FbxScene * &)" (?InitializeSdkObjects@@YAXAEAPEAVFbxManager@fbxsdk@@AEAPEAVFbxScene@2@@Z) 中被參考
fbxloader.obj : error LNK2019: 無法解析的外部符號 "public: static void __cdecl fbxsdk::FbxManager::GetFileFormatVersion(int &,int &,int &)" (?GetFileFormatVersion@FbxManager@fbxsdk@@SAXAEAH00@Z) 在函式 "bool __cdecl LoadScene(class fbxsdk::FbxManager *,class fbxsdk::FbxScene *,class fbxsdk::FbxArray<class fbxsdk::FbxString *>,char const *)" (?LoadScene@@YA_NPEAVFbxManager@fbxsdk@@PEAVFbxScene@2@V?$FbxArray@PEAVFbxString@fbxsdk@@@2@PEBD@Z) 中被參考
fbxloader.obj : error LNK2019: 無法解析的外部符號 "public: bool __cdecl fbxsdk::FbxManager::LoadPluginsDirectory(char const *,char const *)" (?LoadPluginsDirectory@FbxManager@fbxsdk@@QEAA_NPEBD0@Z) 在函式 "void __cdecl InitializeSdkObjects(class fbxsdk::FbxManager * &,class fbxsdk::FbxScene * &)" (?InitializeSdkObjects@@YAXAEAPEAVFbxManager@fbxsdk@@AEAPEAVFbxScene@2@@Z) 中被參考
fbxloader.obj : error LNK2019: 無法解析的外部符號 "public: static class fbxsdk::FbxIOSettings * __cdecl fbxsdk::FbxIOSettings::Create(class fbxsdk::FbxManager *,char const *)" (?Create@FbxIOSettings@fbxsdk@@SAPEAV12@PEAVFbxManager@2@PEBD@Z) 在函式 "void __cdecl InitializeSdkObjects(class fbxsdk::FbxManager * &,class fbxsdk::FbxScene * &)" (?InitializeSdkObjects@@YAXAEAPEAVFbxManager@fbxsdk@@AEAPEAVFbxScene@2@@Z) 中被參考
fbxloader.obj : error LNK2019: 無法解析的外部符號 "public: void __cdecl fbxsdk::FbxIOSettings::SetBoolProp(char const *,bool)" (?SetBoolProp@FbxIOSettings@fbxsdk@@QEAAXPEBD_N@Z) 在函式 "bool __cdecl LoadScene(class fbxsdk::FbxManager *,class fbxsdk::FbxScene *,class fbxsdk::FbxArray<class fbxsdk::FbxString *>,char const *)" (?LoadScene@@YA_NPEAVFbxManager@fbxsdk@@PEAVFbxScene@2@V?$FbxArray@PEAVFbxString@fbxsdk@@@2@PEBD@Z) 中被參考
fbxloader.obj : error LNK2019: 無法解析的外部符號 "public: void __cdecl fbxsdk::FbxIOSettings::SetStringProp(char const *,class fbxsdk::FbxString)" (?SetStringProp@FbxIOSettings@fbxsdk@@QEAAXPEBDVFbxString@2@@Z) 在函式 "bool __cdecl LoadScene(class fbxsdk::FbxManager *,class fbxsdk::FbxScene *,class fbxsdk::FbxArray<class fbxsdk::FbxString *>,char const *)" (?LoadScene@@YA_NPEAVFbxManager@fbxsdk@@PEAVFbxScene@2@V?$FbxArray@PEAVFbxString@fbxsdk@@@2@PEBD@Z) 中被參考
fbxloader.obj : error LNK2019: 無法解析的外部符號 "public: __cdecl fbxsdk::FbxAxisSystem::FbxAxisSystem(enum fbxsdk::FbxAxisSystem::EUpVector,enum fbxsdk::FbxAxisSystem::EFrontVector,enum fbxsdk::FbxAxisSystem::ECoordSystem)" (??0FbxAxisSystem@fbxsdk@@QEAA@W4EUpVector@01@W4EFrontVector@01@W4ECoordSystem@01@@Z) 在函式 "bool __cdecl LoadScene(class fbxsdk::FbxManager *,class fbxsdk::FbxScene *,class fbxsdk::FbxArray<class fbxsdk::FbxString *>,char const *)" (?LoadScene@@YA_NPEAVFbxManager@fbxsdk@@PEAVFbxScene@2@V?$FbxArray@PEAVFbxString@fbxsdk@@@2@PEBD@Z) 中被參考
fbxloader.obj : error LNK2019: 無法解析的外部符號 "public: virtual __cdecl fbxsdk::FbxAxisSystem::~FbxAxisSystem(void)" (??1FbxAxisSystem@fbxsdk@@UEAA@XZ) 在函式 "bool __cdecl LoadScene(class fbxsdk::FbxManager *,class fbxsdk::FbxScene *,class fbxsdk::FbxArray<class fbxsdk::FbxString *>,char const *)" (?LoadScene@@YA_NPEAVFbxManager@fbxsdk@@PEAVFbxScene@2@V?$FbxArray@PEAVFbxString@fbxsdk@@@2@PEBD@Z) 中被參考
fbxloader.obj : error LNK2019: 無法解析的外部符號 "public: bool __cdecl fbxsdk::FbxAxisSystem::operator!=(class fbxsdk::FbxAxisSystem const &)const " (??9FbxAxisSystem@fbxsdk@@QEBA_NAEBV01@@Z) 在函式 "bool __cdecl LoadScene(class fbxsdk::FbxManager *,class fbxsdk::FbxScene *,class fbxsdk::FbxArray<class fbxsdk::FbxString *>,char const *)" (?LoadScene@@YA_NPEAVFbxManager@fbxsdk@@PEAVFbxScene@2@V?$FbxArray@PEAVFbxString@fbxsdk@@@2@PEBD@Z) 中被參考
fbxloader.obj : error LNK2019: 無法解析的外部符號 "public: void __cdecl fbxsdk::FbxAxisSystem::ConvertScene(class fbxsdk::FbxScene *)const " (?ConvertScene@FbxAxisSystem@fbxsdk@@QEBAXPEAVFbxScene@2@@Z) 在函式 "bool __cdecl LoadScene(class fbxsdk::FbxManager *,class fbxsdk::FbxScene *,class fbxsdk::FbxArray<class fbxsdk::FbxString *>,char const *)" (?LoadScene@@YA_NPEAVFbxManager@fbxsdk@@PEAVFbxScene@2@V?$FbxArray@PEAVFbxString@fbxsdk@@@2@PEBD@Z) 中被參考
fbxloader.obj : error LNK2019: 無法解析的外部符號 "public: static class fbxsdk::FbxImporter * __cdecl fbxsdk::FbxImporter::Create(class fbxsdk::FbxManager *,char const *)" (?Create@FbxImporter@fbxsdk@@SAPEAV12@PEAVFbxManager@2@PEBD@Z) 在函式 "bool __cdecl LoadScene(class fbxsdk::FbxManager *,class fbxsdk::FbxScene *,class fbxsdk::FbxArray<class fbxsdk::FbxString *>,char const *)" (?LoadScene@@YA_NPEAVFbxManager@fbxsdk@@PEAVFbxScene@2@V?$FbxArray@PEAVFbxString@fbxsdk@@@2@PEBD@Z) 中被參考
fbxloader.obj : error LNK2019: 無法解析的外部符號 "public: void __cdecl fbxsdk::FbxImporter::GetFileVersion(int &,int &,int &)" (?GetFileVersion@FbxImporter@fbxsdk@@QEAAXAEAH00@Z) 在函式 "bool __cdecl LoadScene(class fbxsdk::FbxManager *,class fbxsdk::FbxScene *,class fbxsdk::FbxArray<class fbxsdk::FbxString *>,char const *)" (?LoadScene@@YA_NPEAVFbxManager@fbxsdk@@PEAVFbxScene@2@V?$FbxArray@PEAVFbxString@fbxsdk@@@2@PEBD@Z) 中被參考
fbxloader.obj : error LNK2019: 無法解析的外部符號 "public: bool __cdecl fbxsdk::FbxImporter::Import(class fbxsdk::FbxDocument *,bool)" (?Import@FbxImporter@fbxsdk@@QEAA_NPEAVFbxDocument@2@_N@Z) 在函式 "bool __cdecl LoadScene(class fbxsdk::FbxManager *,class fbxsdk::FbxScene *,class fbxsdk::FbxArray<class fbxsdk::FbxString *>,char const *)" (?LoadScene@@YA_NPEAVFbxManager@fbxsdk@@PEAVFbxScene@2@V?$FbxArray@PEAVFbxString@fbxsdk@@@2@PEBD@Z) 中被參考
fbxloader.obj : error LNK2019: 無法解析的外部符號 "public: int __cdecl fbxsdk::FbxImporter::GetAnimStackCount(void)" (?GetAnimStackCount@FbxImporter@fbxsdk@@QEAAHXZ) 在函式 "bool __cdecl LoadScene(class fbxsdk::FbxManager *,class fbxsdk::FbxScene *,class fbxsdk::FbxArray<class fbxsdk::FbxString *>,char const *)" (?LoadScene@@YA_NPEAVFbxManager@fbxsdk@@PEAVFbxScene@2@V?$FbxArray@PEAVFbxString@fbxsdk@@@2@PEBD@Z) 中被參考
fbxloader.obj : error LNK2019: 無法解析的外部符號 "public: class fbxsdk::FbxTakeInfo * __cdecl fbxsdk::FbxImporter::GetTakeInfo(int)" (?GetTakeInfo@FbxImporter@fbxsdk@@QEAAPEAVFbxTakeInfo@2@H@Z) 在函式 "bool __cdecl LoadScene(class fbxsdk::FbxManager *,class fbxsdk::FbxScene *,class fbxsdk::FbxArray<class fbxsdk::FbxString *>,char const *)" (?LoadScene@@YA_NPEAVFbxManager@fbxsdk@@PEAVFbxScene@2@V?$FbxArray@PEAVFbxString@fbxsdk@@@2@PEBD@Z) 中被參考
fbxloader.obj : error LNK2019: 無法解析的外部符號 "public: class fbxsdk::FbxString __cdecl fbxsdk::FbxImporter::GetActiveAnimStackName(void)" (?GetActiveAnimStackName@FbxImporter@fbxsdk@@QEAA?AVFbxString@2@XZ) 在函式 "bool __cdecl LoadScene(class fbxsdk::FbxManager *,class fbxsdk::FbxScene *,class fbxsdk::FbxArray<class fbxsdk::FbxString *>,char const *)" (?LoadScene@@YA_NPEAVFbxManager@fbxsdk@@PEAVFbxScene@2@V?$FbxArray@PEAVFbxString@fbxsdk@@@2@PEBD@Z) 中被參考
fbxloader.obj : error LNK2019: 無法解析的外部符號 "public: bool __cdecl fbxsdk::FbxImporter::IsFBX(void)" (?IsFBX@FbxImporter@fbxsdk@@QEAA_NXZ) 在函式 "bool __cdecl LoadScene(class fbxsdk::FbxManager *,class fbxsdk::FbxScene *,class fbxsdk::FbxArray<class fbxsdk::FbxString *>,char const *)" (?LoadScene@@YA_NPEAVFbxManager@fbxsdk@@PEAVFbxScene@2@V?$FbxArray@PEAVFbxString@fbxsdk@@@2@PEBD@Z) 中被參考
fbxloader.obj : error LNK2019: 無法解析的外部符號 "public: class fbxsdk::FbxDocumentInfo * __cdecl fbxsdk::FbxDocument::GetDocumentInfo(void)const " (?GetDocumentInfo@FbxDocument@fbxsdk@@QEBAPEAVFbxDocumentInfo@2@XZ) 在函式 "public: class fbxsdk::FbxDocumentInfo * __cdecl fbxsdk::FbxScene::GetSceneInfo(void)" (?GetSceneInfo@FbxScene@fbxsdk@@QEAAPEAVFbxDocumentInfo@2@XZ) 中被參考
fbxloader.obj : error LNK2019: 無法解析的外部符號 "public: void __cdecl fbxsdk::FbxDocument::FillAnimStackNameArray(class fbxsdk::FbxArray<class fbxsdk::FbxString *> &)" (?FillAnimStackNameArray@FbxDocument@fbxsdk@@QEAAXAEAV?$FbxArray@PEAVFbxString@fbxsdk@@@2@@Z) 在函式 "bool __cdecl LoadScene(class fbxsdk::FbxManager *,class fbxsdk::FbxScene *,class fbxsdk::FbxArray<class fbxsdk::FbxString *>,char const *)" (?LoadScene@@YA_NPEAVFbxManager@fbxsdk@@PEAVFbxScene@2@V?$FbxArray@PEAVFbxString@fbxsdk@@@2@PEBD@Z) 中被參考
fbxloader.obj : error LNK2019: 無法解析的外部符號 "public: class fbxsdk::FbxThumbnail * __cdecl fbxsdk::FbxDocumentInfo::GetSceneThumbnail(void)" (?GetSceneThumbnail@FbxDocumentInfo@fbxsdk@@QEAAPEAVFbxThumbnail@2@XZ) 在函式 "void __cdecl DisplayMetaData(class fbxsdk::FbxScene *)" (?DisplayMetaData@@YAXPEAVFbxScene@fbxsdk@@@Z) 中被參考
fbxloader.obj : error LNK2019: 無法解析的外部符號 "public: class fbxsdk::FbxMatrix const & __cdecl fbxsdk::FbxPose::GetMatrix(int)const " (?GetMatrix@FbxPose@fbxsdk@@QEBAAEBVFbxMatrix@2@H@Z) 在函式 "class fbxsdk::FbxAMatrix __cdecl GetPoseMatrix(class fbxsdk::FbxPose *,int)" (?GetPoseMatrix@@YA?AVFbxAMatrix@fbxsdk@@PEAVFbxPose@2@H@Z) 中被參考
fbxloader.obj : error LNK2019: 無法解析的外部符號 "public: bool __cdecl fbxsdk::FbxPose::IsLocalMatrix(int)const " (?IsLocalMatrix@FbxPose@fbxsdk@@QEBA_NH@Z) 在函式 "class fbxsdk::FbxAMatrix __cdecl GetGlobalPosition(class fbxsdk::FbxNode *,class fbxsdk::FbxTime const &,class fbxsdk::FbxPose *,class fbxsdk::FbxAMatrix *)" (?GetGlobalPosition@@YA?AVFbxAMatrix@fbxsdk@@PEAVFbxNode@2@AEBVFbxTime@2@PEAVFbxPose@2@PEAV12@@Z) 中被參考
fbxloader.obj : error LNK2019: 無法解析的外部符號 "public: int __cdecl fbxsdk::FbxPose::Find(class fbxsdk::FbxNode const *)const " (?Find@FbxPose@fbxsdk@@QEBAHPEBVFbxNode@2@@Z) 在函式 "class fbxsdk::FbxAMatrix __cdecl GetGlobalPosition(class fbxsdk::FbxNode *,class fbxsdk::FbxTime const &,class fbxsdk::FbxPose *,class fbxsdk::FbxAMatrix *)" (?GetGlobalPosition@@YA?AVFbxAMatrix@fbxsdk@@PEAVFbxNode@2@AEBVFbxTime@2@PEAVFbxPose@2@PEAV12@@Z) 中被參考
fbxloader.obj : error LNK2019: 無法解析的外部符號 "public: class fbxsdk::FbxNode * __cdecl fbxsdk::FbxNode::GetParent(void)" (?GetParent@FbxNode@fbxsdk@@QEAAPEAV12@XZ) 在函式 "class fbxsdk::FbxAMatrix __cdecl GetGlobalPosition(class fbxsdk::FbxNode *,class fbxsdk::FbxTime const &,class fbxsdk::FbxPose *,class fbxsdk::FbxAMatrix *)" (?GetGlobalPosition@@YA?AVFbxAMatrix@fbxsdk@@PEAVFbxNode@2@AEBVFbxTime@2@PEAVFbxPose@2@PEAV12@@Z) 中被參考
fbxloader.obj : error LNK2019: 無法解析的外部符號 "public: int __cdecl fbxsdk::FbxNode::GetChildCount(bool)const " (?GetChildCount@FbxNode@fbxsdk@@QEBAH_N@Z) 在函式 "void __cdecl DisplayHierarchy(class fbxsdk::FbxNode *,int)" (?DisplayHierarchy@@YAXPEAVFbxNode@fbxsdk@@H@Z) 中被參考
fbxloader.obj : error LNK2019: 無法解析的外部符號 "public: class fbxsdk::FbxNode * __cdecl fbxsdk::FbxNode::GetChild(int)" (?GetChild@FbxNode@fbxsdk@@QEAAPEAV12@H@Z) 在函式 "void __cdecl DisplayHierarchy(class fbxsdk::FbxNode *,int)" (?DisplayHierarchy@@YAXPEAVFbxNode@fbxsdk@@H@Z) 中被參考
fbxloader.obj : error LNK2019: 無法解析的外部符號 "public: class fbxsdk::FbxNodeAttribute * __cdecl fbxsdk::FbxNode::GetNodeAttribute(void)" (?GetNodeAttribute@FbxNode@fbxsdk@@QEAAPEAVFbxNodeAttribute@2@XZ) 在函式 "void __cdecl LoadAnimationRecursive(class fbxsdk::FbxScene *,class fbxsdk::FbxNode *,class fbxsdk::FbxAMatrix &,class fbxsdk::FbxTime &)" (?LoadAnimationRecursive@@YAXPEAVFbxScene@fbxsdk@@PEAVFbxNode@2@AEAVFbxAMatrix@2@AEAVFbxTime@2@@Z) 中被參考
fbxloader.obj : error LNK2019: 無法解析的外部符號 "public: class fbxsdk::FbxMesh * __cdecl fbxsdk::FbxNode::GetMesh(void)" (?GetMesh@FbxNode@fbxsdk@@QEAAPEAVFbxMesh@2@XZ) 在函式 "void __cdecl LoadAnimationRecursive(class fbxsdk::FbxScene *,class fbxsdk::FbxNode *,class fbxsdk::FbxAMatrix &,class fbxsdk::FbxTime &)" (?LoadAnimationRecursive@@YAXPEAVFbxScene@fbxsdk@@PEAVFbxNode@2@AEAVFbxAMatrix@2@AEAVFbxTime@2@@Z) 中被參考
fbxloader.obj : error LNK2019: 無法解析的外部符號 "public: class fbxsdk::FbxVector4 __cdecl fbxsdk::FbxNode::GetGeometricTranslation(enum fbxsdk::FbxNode::EPivotSet)const " (?GetGeometricTranslation@FbxNode@fbxsdk@@QEBA?AVFbxVector4@2@W4EPivotSet@12@@Z) 在函式 "class fbxsdk::FbxAMatrix __cdecl GetGeometry(class fbxsdk::FbxNode *)" (?GetGeometry@@YA?AVFbxAMatrix@fbxsdk@@PEAVFbxNode@2@@Z) 中被參考
fbxloader.obj : error LNK2019: 無法解析的外部符號 "public: class fbxsdk::FbxVector4 __cdecl fbxsdk::FbxNode::GetGeometricRotation(enum fbxsdk::FbxNode::EPivotSet)const " (?GetGeometricRotation@FbxNode@fbxsdk@@QEBA?AVFbxVector4@2@W4EPivotSet@12@@Z) 在函式 "class fbxsdk::FbxAMatrix __cdecl GetGeometry(class fbxsdk::FbxNode *)" (?GetGeometry@@YA?AVFbxAMatrix@fbxsdk@@PEAVFbxNode@2@@Z) 中被參考
fbxloader.obj : error LNK2019: 無法解析的外部符號 "public: class fbxsdk::FbxVector4 __cdecl fbxsdk::FbxNode::GetGeometricScaling(enum fbxsdk::FbxNode::EPivotSet)const " (?GetGeometricScaling@FbxNode@fbxsdk@@QEBA?AVFbxVector4@2@W4EPivotSet@12@@Z) 在函式 "class fbxsdk::FbxAMatrix __cdecl GetGeometry(class fbxsdk::FbxNode *)" (?GetGeometry@@YA?AVFbxAMatrix@fbxsdk@@PEAVFbxNode@2@@Z) 中被參考
fbxloader.obj : error LNK2019: 無法解析的外部符號 "public: class fbxsdk::FbxAMatrix & __cdecl fbxsdk::FbxNode::EvaluateGlobalTransform(class fbxsdk::FbxTime,enum fbxsdk::FbxNode::EPivotSet,bool,bool)" (?EvaluateGlobalTransform@FbxNode@fbxsdk@@QEAAAEAVFbxAMatrix@2@VFbxTime@2@W4EPivotSet@12@_N2@Z) 在函式 "class fbxsdk::FbxAMatrix __cdecl GetGlobalPosition(class fbxsdk::FbxNode *,class fbxsdk::FbxTime const &,class fbxsdk::FbxPose *,class fbxsdk::FbxAMatrix *)" (?GetGlobalPosition@@YA?AVFbxAMatrix@fbxsdk@@PEAVFbxNode@2@AEBVFbxTime@2@PEAVFbxPose@2@PEAV12@@Z) 中被參考
fbxloader.obj : error LNK2019: 無法解析的外部符號 "public: int __cdecl fbxsdk::FbxNode::GetMaterialCount(void)const " (?GetMaterialCount@FbxNode@fbxsdk@@QEBAHXZ) 在函式 "void __cdecl LoadAnimationRecursive(class fbxsdk::FbxScene *,class fbxsdk::FbxNode *,class fbxsdk::FbxAMatrix &,class fbxsdk::FbxTime &)" (?LoadAnimationRecursive@@YAXPEAVFbxScene@fbxsdk@@PEAVFbxNode@2@AEAVFbxAMatrix@2@AEAVFbxTime@2@@Z) 中被參考
fbxloader.obj : error LNK2019: 無法解析的外部符號 "public: class fbxsdk::FbxSurfaceMaterial * __cdecl fbxsdk::FbxNode::GetMaterial(int)const " (?GetMaterial@FbxNode@fbxsdk@@QEBAPEAVFbxSurfaceMaterial@2@H@Z) 在函式 "void __cdecl LoadMaterials(class fbxsdk::FbxNode *)" (?LoadMaterials@@YAXPEAVFbxNode@fbxsdk@@@Z) 中被參考
fbxloader.obj : error LNK2019: 無法解析的外部符號 "public: bool __cdecl fbxsdk::FbxLayerElementArray::GetAt(int,void * *,enum fbxsdk::EFbxType)const " (?GetAt@FbxLayerElementArray@fbxsdk@@QEBA_NHPEAPEAXW4EFbxType@2@@Z) 在函式 "public: bool __cdecl fbxsdk::FbxLayerElementArray::GetAt<int>(int,int *)const " (??$GetAt@H@FbxLayerElementArray@fbxsdk@@QEBA_NHPEAH@Z) 中被參考
fbxloader.obj : error LNK2019: 無法解析的外部符號 "public: class fbxsdk::FbxNode * __cdecl fbxsdk::FbxNodeAttribute::GetNode(int)const " (?GetNode@FbxNodeAttribute@fbxsdk@@QEBAPEAVFbxNode@2@H@Z) 在函式 "void __cdecl ComputeClusterDeformation(class fbxsdk::FbxAMatrix &,class fbxsdk::FbxMesh *,class fbxsdk::FbxCluster *,class fbxsdk::FbxAMatrix &,class fbxsdk::FbxTime,class fbxsdk::FbxPose *)" (?ComputeClusterDeformation@@YAXAEAVFbxAMatrix@fbxsdk@@PEAVFbxMesh@2@PEAVFbxCluster@2@0VFbxTime@2@PEAVFbxPose@2@@Z) 中被參考
fbxloader.obj : error LNK2019: 無法解析的外部符號 "public: class fbxsdk::FbxAxisSystem __cdecl fbxsdk::FbxGlobalSettings::GetAxisSystem(void)" (?GetAxisSystem@FbxGlobalSettings@fbxsdk@@QEAA?AVFbxAxisSystem@2@XZ) 在函式 "bool __cdecl LoadScene(class fbxsdk::FbxManager *,class fbxsdk::FbxScene *,class fbxsdk::FbxArray<class fbxsdk::FbxString *>,char const *)" (?LoadScene@@YA_NPEAVFbxManager@fbxsdk@@PEAVFbxScene@2@V?$FbxArray@PEAVFbxString@fbxsdk@@@2@PEBD@Z) 中被參考
fbxloader.obj : error LNK2019: 無法解析的外部符號 "public: class fbxsdk::FbxSystemUnit __cdecl fbxsdk::FbxGlobalSettings::GetSystemUnit(void)const " (?GetSystemUnit@FbxGlobalSettings@fbxsdk@@QEBA?AVFbxSystemUnit@2@XZ) 在函式 "bool __cdecl LoadScene(class fbxsdk::FbxManager *,class fbxsdk::FbxScene *,class fbxsdk::FbxArray<class fbxsdk::FbxString *>,char const *)" (?LoadScene@@YA_NPEAVFbxManager@fbxsdk@@PEAVFbxScene@2@V?$FbxArray@PEAVFbxString@fbxsdk@@@2@PEBD@Z) 中被參考
fbxloader.obj : error LNK2019: 無法解析的外部符號 "public: void __cdecl fbxsdk::FbxGlobalSettings::GetTimelineDefaultTimeSpan(class fbxsdk::FbxTimeSpan &)const " (?GetTimelineDefaultTimeSpan@FbxGlobalSettings@fbxsdk@@QEBAXAEAVFbxTimeSpan@2@@Z) 在函式 "void __cdecl GetFbxAnimation(struct _fbx_handles &,class std::vector<struct tinyobj::attrib_t,class std::allocator<struct tinyobj::attrib_t> > &,class std::vector<struct tinyobj::shape_t,class std::allocator<struct tinyobj::shape_t> > &,float)" (?GetFbxAnimation@@YAXAEAU_fbx_handles@@AEAV?$vector@Uattrib_t@tinyobj@@V?$allocator@Uattrib_t@tinyobj@@@std@@@std@@AEAV?$vector@Ushape_t@tinyobj@@V?$allocator@Ushape_t@tinyobj@@@std@@@3@M@Z) 中被參考
fbxloader.obj : error LNK2019: 無法解析的外部符號 "public: static class fbxsdk::FbxScene * __cdecl fbxsdk::FbxScene::Create(class fbxsdk::FbxManager *,char const *)" (?Create@FbxScene@fbxsdk@@SAPEAV12@PEAVFbxManager@2@PEBD@Z) 在函式 "void __cdecl InitializeSdkObjects(class fbxsdk::FbxManager * &,class fbxsdk::FbxScene * &)" (?InitializeSdkObjects@@YAXAEAPEAVFbxManager@fbxsdk@@AEAPEAVFbxScene@2@@Z) 中被參考
fbxloader.obj : error LNK2019: 無法解析的外部符號 "public: class fbxsdk::FbxNode * __cdecl fbxsdk::FbxScene::GetRootNode(void)const " (?GetRootNode@FbxScene@fbxsdk@@QEBAPEAVFbxNode@2@XZ) 在函式 "void __cdecl DisplayHierarchy(class fbxsdk::FbxScene *)" (?DisplayHierarchy@@YAXPEAVFbxScene@fbxsdk@@@Z) 中被參考
fbxloader.obj : error LNK2019: 無法解析的外部符號 "public: class fbxsdk::FbxGlobalSettings & __cdecl fbxsdk::FbxScene::GetGlobalSettings(void)" (?GetGlobalSettings@FbxScene@fbxsdk@@QEAAAEAVFbxGlobalSettings@2@XZ) 在函式 "void __cdecl GetFbxAnimation(struct _fbx_handles &,class std::vector<struct tinyobj::attrib_t,class std::allocator<struct tinyobj::attrib_t> > &,class std::vector<struct tinyobj::shape_t,class std::allocator<struct tinyobj::shape_t> > &,float)" (?GetFbxAnimation@@YAXAEAU_fbx_handles@@AEAV?$vector@Uattrib_t@tinyobj@@V?$allocator@Uattrib_t@tinyobj@@@std@@@std@@AEAV?$vector@Ushape_t@tinyobj@@V?$allocator@Ushape_t@tinyobj@@@std@@@3@M@Z) 中被參考
fbxloader.obj : error LNK2019: 無法解析的外部符號 "public: enum fbxsdk::FbxThumbnail::EDataFormat __cdecl fbxsdk::FbxThumbnail::GetDataFormat(void)const " (?GetDataFormat@FbxThumbnail@fbxsdk@@QEBA?AW4EDataFormat@12@XZ) 在函式 "void __cdecl DisplayMetaData(class fbxsdk::FbxScene *)" (?DisplayMetaData@@YAXPEAVFbxScene@fbxsdk@@@Z) 中被參考
fbxloader.obj : error LNK2019: 無法解析的外部符號 "public: enum fbxsdk::FbxThumbnail::EImageSize __cdecl fbxsdk::FbxThumbnail::GetSize(void)const " (?GetSize@FbxThumbnail@fbxsdk@@QEBA?AW4EImageSize@12@XZ) 在函式 "void __cdecl DisplayMetaData(class fbxsdk::FbxScene *)" (?DisplayMetaData@@YAXPEAVFbxScene@fbxsdk@@@Z) 中被參考
fbxloader.obj : error LNK2019: 無法解析的外部符號 "public: unsigned long __cdecl fbxsdk::FbxThumbnail::GetSizeInBytes(void)const " (?GetSizeInBytes@FbxThumbnail@fbxsdk@@QEBAKXZ) 在函式 "void __cdecl DisplayMetaData(class fbxsdk::FbxScene *)" (?DisplayMetaData@@YAXPEAVFbxScene@fbxsdk@@@Z) 中被參考
fbxloader.obj : error LNK2019: 無法解析的外部符號 "public: int __cdecl fbxsdk::FbxBlendShape::GetBlendShapeChannelCount(void)const " (?GetBlendShapeChannelCount@FbxBlendShape@fbxsdk@@QEBAHXZ) 在函式 "void __cdecl ComputeShapeDeformation(class fbxsdk::FbxMesh *,class fbxsdk::FbxTime &,class fbxsdk::FbxAnimLayer *,class fbxsdk::FbxVector4 *)" (?ComputeShapeDeformation@@YAXPEAVFbxMesh@fbxsdk@@AEAVFbxTime@2@PEAVFbxAnimLayer@2@PEAVFbxVector4@2@@Z) 中被參考
fbxloader.obj : error LNK2019: 無法解析的外部符號 "public: class fbxsdk::FbxBlendShapeChannel * __cdecl fbxsdk::FbxBlendShape::GetBlendShapeChannel(int)" (?GetBlendShapeChannel@FbxBlendShape@fbxsdk@@QEAAPEAVFbxBlendShapeChannel@2@H@Z) 在函式 "void __cdecl ComputeShapeDeformation(class fbxsdk::FbxMesh *,class fbxsdk::FbxTime &,class fbxsdk::FbxAnimLayer *,class fbxsdk::FbxVector4 *)" (?ComputeShapeDeformation@@YAXPEAVFbxMesh@fbxsdk@@AEAVFbxTime@2@PEAVFbxAnimLayer@2@PEAVFbxVector4@2@@Z) 中被參考
fbxloader.obj : error LNK2019: 無法解析的外部符號 "public: int __cdecl fbxsdk::FbxBlendShapeChannel::GetTargetShapeCount(void)const " (?GetTargetShapeCount@FbxBlendShapeChannel@fbxsdk@@QEBAHXZ) 在函式 "void __cdecl ComputeShapeDeformation(class fbxsdk::FbxMesh *,class fbxsdk::FbxTime &,class fbxsdk::FbxAnimLayer *,class fbxsdk::FbxVector4 *)" (?ComputeShapeDeformation@@YAXPEAVFbxMesh@fbxsdk@@AEAVFbxTime@2@PEAVFbxAnimLayer@2@PEAVFbxVector4@2@@Z) 中被參考
fbxloader.obj : error LNK2019: 無法解析的外部符號 "public: class fbxsdk::FbxShape * __cdecl fbxsdk::FbxBlendShapeChannel::GetTargetShape(int)" (?GetTargetShape@FbxBlendShapeChannel@fbxsdk@@QEAAPEAVFbxShape@2@H@Z) 在函式 "void __cdecl ComputeShapeDeformation(class fbxsdk::FbxMesh *,class fbxsdk::FbxTime &,class fbxsdk::FbxAnimLayer *,class fbxsdk::FbxVector4 *)" (?ComputeShapeDeformation@@YAXPEAVFbxMesh@fbxsdk@@AEAVFbxTime@2@PEAVFbxAnimLayer@2@PEAVFbxVector4@2@@Z) 中被參考
fbxloader.obj : error LNK2019: 無法解析的外部符號 "public: double * __cdecl fbxsdk::FbxBlendShapeChannel::GetTargetShapeFullWeights(void)" (?GetTargetShapeFullWeights@FbxBlendShapeChannel@fbxsdk@@QEAAPEANXZ) 在函式 "void __cdecl ComputeShapeDeformation(class fbxsdk::FbxMesh *,class fbxsdk::FbxTime &,class fbxsdk::FbxAnimLayer *,class fbxsdk::FbxVector4 *)" (?ComputeShapeDeformation@@YAXPEAVFbxMesh@fbxsdk@@AEAVFbxTime@2@PEAVFbxAnimLayer@2@PEAVFbxVector4@2@@Z) 中被參考
fbxloader.obj : error LNK2019: 無法解析的外部符號 "public: enum fbxsdk::FbxCluster::ELinkMode __cdecl fbxsdk::FbxCluster::GetLinkMode(void)const " (?GetLinkMode@FbxCluster@fbxsdk@@QEBA?AW4ELinkMode@12@XZ) 在函式 "void __cdecl ComputeClusterDeformation(class fbxsdk::FbxAMatrix &,class fbxsdk::FbxMesh *,class fbxsdk::FbxCluster *,class fbxsdk::FbxAMatrix &,class fbxsdk::FbxTime,class fbxsdk::FbxPose *)" (?ComputeClusterDeformation@@YAXAEAVFbxAMatrix@fbxsdk@@PEAVFbxMesh@2@PEAVFbxCluster@2@0VFbxTime@2@PEAVFbxPose@2@@Z) 中被參考
fbxloader.obj : error LNK2019: 無法解析的外部符號 "public: class fbxsdk::FbxNode * __cdecl fbxsdk::FbxCluster::GetLink(void)" (?GetLink@FbxCluster@fbxsdk@@QEAAPEAVFbxNode@2@XZ) 在函式 "void __cdecl ComputeClusterDeformation(class fbxsdk::FbxAMatrix &,class fbxsdk::FbxMesh *,class fbxsdk::FbxCluster *,class fbxsdk::FbxAMatrix &,class fbxsdk::FbxTime,class fbxsdk::FbxPose *)" (?ComputeClusterDeformation@@YAXAEAVFbxAMatrix@fbxsdk@@PEAVFbxMesh@2@PEAVFbxCluster@2@0VFbxTime@2@PEAVFbxPose@2@@Z) 中被參考
fbxloader.obj : error LNK2019: 無法解析的外部符號 "public: class fbxsdk::FbxNode * __cdecl fbxsdk::FbxCluster::GetAssociateModel(void)const " (?GetAssociateModel@FbxCluster@fbxsdk@@QEBAPEAVFbxNode@2@XZ) 在函式 "void __cdecl ComputeClusterDeformation(class fbxsdk::FbxAMatrix &,class fbxsdk::FbxMesh *,class fbxsdk::FbxCluster *,class fbxsdk::FbxAMatrix &,class fbxsdk::FbxTime,class fbxsdk::FbxPose *)" (?ComputeClusterDeformation@@YAXAEAVFbxAMatrix@fbxsdk@@PEAVFbxMesh@2@PEAVFbxCluster@2@0VFbxTime@2@PEAVFbxPose@2@@Z) 中被參考
fbxloader.obj : error LNK2019: 無法解析的外部符號 "public: int __cdecl fbxsdk::FbxCluster::GetControlPointIndicesCount(void)const " (?GetControlPointIndicesCount@FbxCluster@fbxsdk@@QEBAHXZ) 在函式 "void __cdecl ComputeDualQuaternionDeformation(class fbxsdk::FbxAMatrix &,class fbxsdk::FbxMesh *,class fbxsdk::FbxTime &,class fbxsdk::FbxVector4 *,class fbxsdk::FbxPose *)" (?ComputeDualQuaternionDeformation@@YAXAEAVFbxAMatrix@fbxsdk@@PEAVFbxMesh@2@AEAVFbxTime@2@PEAVFbxVector4@2@PEAVFbxPose@2@@Z) 中被參考
fbxloader.obj : error LNK2019: 無法解析的外部符號 "public: int * __cdecl fbxsdk::FbxCluster::GetControlPointIndices(void)const " (?GetControlPointIndices@FbxCluster@fbxsdk@@QEBAPEAHXZ) 在函式 "void __cdecl ComputeDualQuaternionDeformation(class fbxsdk::FbxAMatrix &,class fbxsdk::FbxMesh *,class fbxsdk::FbxTime &,class fbxsdk::FbxVector4 *,class fbxsdk::FbxPose *)" (?ComputeDualQuaternionDeformation@@YAXAEAVFbxAMatrix@fbxsdk@@PEAVFbxMesh@2@AEAVFbxTime@2@PEAVFbxVector4@2@PEAVFbxPose@2@@Z) 中被參考
fbxloader.obj : error LNK2019: 無法解析的外部符號 "public: double * __cdecl fbxsdk::FbxCluster::GetControlPointWeights(void)const " (?GetControlPointWeights@FbxCluster@fbxsdk@@QEBAPEANXZ) 在函式 "void __cdecl ComputeDualQuaternionDeformation(class fbxsdk::FbxAMatrix &,class fbxsdk::FbxMesh *,class fbxsdk::FbxTime &,class fbxsdk::FbxVector4 *,class fbxsdk::FbxPose *)" (?ComputeDualQuaternionDeformation@@YAXAEAVFbxAMatrix@fbxsdk@@PEAVFbxMesh@2@AEAVFbxTime@2@PEAVFbxVector4@2@PEAVFbxPose@2@@Z) 中被參考
fbxloader.obj : error LNK2019: 無法解析的外部符號 "public: class fbxsdk::FbxAMatrix & __cdecl fbxsdk::FbxCluster::GetTransformMatrix(class fbxsdk::FbxAMatrix &)const " (?GetTransformMatrix@FbxCluster@fbxsdk@@QEBAAEAVFbxAMatrix@2@AEAV32@@Z) 在函式 "void __cdecl ComputeClusterDeformation(class fbxsdk::FbxAMatrix &,class fbxsdk::FbxMesh *,class fbxsdk::FbxCluster *,class fbxsdk::FbxAMatrix &,class fbxsdk::FbxTime,class fbxsdk::FbxPose *)" (?ComputeClusterDeformation@@YAXAEAVFbxAMatrix@fbxsdk@@PEAVFbxMesh@2@PEAVFbxCluster@2@0VFbxTime@2@PEAVFbxPose@2@@Z) 中被參考
fbxloader.obj : error LNK2019: 無法解析的外部符號 "public: class fbxsdk::FbxAMatrix & __cdecl fbxsdk::FbxCluster::GetTransformLinkMatrix(class fbxsdk::FbxAMatrix &)const " (?GetTransformLinkMatrix@FbxCluster@fbxsdk@@QEBAAEAVFbxAMatrix@2@AEAV32@@Z) 在函式 "void __cdecl ComputeClusterDeformation(class fbxsdk::FbxAMatrix &,class fbxsdk::FbxMesh *,class fbxsdk::FbxCluster *,class fbxsdk::FbxAMatrix &,class fbxsdk::FbxTime,class fbxsdk::FbxPose *)" (?ComputeClusterDeformation@@YAXAEAVFbxAMatrix@fbxsdk@@PEAVFbxMesh@2@PEAVFbxCluster@2@0VFbxTime@2@PEAVFbxPose@2@@Z) 中被參考
fbxloader.obj : error LNK2019: 無法解析的外部符號 "public: class fbxsdk::FbxAMatrix & __cdecl fbxsdk::FbxCluster::GetTransformAssociateModelMatrix(class fbxsdk::FbxAMatrix &)const " (?GetTransformAssociateModelMatrix@FbxCluster@fbxsdk@@QEBAAEAVFbxAMatrix@2@AEAV32@@Z) 在函式 "void __cdecl ComputeClusterDeformation(class fbxsdk::FbxAMatrix &,class fbxsdk::FbxMesh *,class fbxsdk::FbxCluster *,class fbxsdk::FbxAMatrix &,class fbxsdk::FbxTime,class fbxsdk::FbxPose *)" (?ComputeClusterDeformation@@YAXAEAVFbxAMatrix@fbxsdk@@PEAVFbxMesh@2@PEAVFbxCluster@2@0VFbxTime@2@PEAVFbxPose@2@@Z) 中被參考
fbxloader.obj : error LNK2019: 無法解析的外部符號 "public: class fbxsdk::FbxLayerElementNormal * __cdecl fbxsdk::FbxGeometryBase::GetElementNormal(int)" (?GetElementNormal@FbxGeometryBase@fbxsdk@@QEAAPEAVFbxLayerElementNormal@2@H@Z) 在函式 "void __cdecl LoadAnimationRecursive(class fbxsdk::FbxScene *,class fbxsdk::FbxNode *,class fbxsdk::FbxAMatrix &,class fbxsdk::FbxTime &)" (?LoadAnimationRecursive@@YAXPEAVFbxScene@fbxsdk@@PEAVFbxNode@2@AEAVFbxAMatrix@2@AEAVFbxTime@2@@Z) 中被參考
fbxloader.obj : error LNK2019: 無法解析的外部符號 "public: int __cdecl fbxsdk::FbxGeometryBase::GetElementNormalCount(void)const " (?GetElementNormalCount@FbxGeometryBase@fbxsdk@@QEBAHXZ) 在函式 "void __cdecl LoadAnimationRecursive(class fbxsdk::FbxScene *,class fbxsdk::FbxNode *,class fbxsdk::FbxAMatrix &,class fbxsdk::FbxTime &)" (?LoadAnimationRecursive@@YAXPEAVFbxScene@fbxsdk@@PEAVFbxNode@2@AEAVFbxAMatrix@2@AEAVFbxTime@2@@Z) 中被參考
fbxloader.obj : error LNK2019: 無法解析的外部符號 "public: class fbxsdk::FbxLayerElementMaterial * __cdecl fbxsdk::FbxGeometryBase::GetElementMaterial(int)" (?GetElementMaterial@FbxGeometryBase@fbxsdk@@QEAAPEAVFbxLayerElementMaterial@2@H@Z) 在函式 "void __cdecl LoadAnimationRecursive(class fbxsdk::FbxScene *,class fbxsdk::FbxNode *,class fbxsdk::FbxAMatrix &,class fbxsdk::FbxTime &)" (?LoadAnimationRecursive@@YAXPEAVFbxScene@fbxsdk@@PEAVFbxNode@2@AEAVFbxAMatrix@2@AEAVFbxTime@2@@Z) 中被參考
fbxloader.obj : error LNK2019: 無法解析的外部符號 "public: class fbxsdk::FbxLayerElementUV * __cdecl fbxsdk::FbxGeometryBase::GetElementUV(int,enum fbxsdk::FbxLayerElement::EType)" (?GetElementUV@FbxGeometryBase@fbxsdk@@QEAAPEAVFbxLayerElementUV@2@HW4EType@FbxLayerElement@2@@Z) 在函式 "void __cdecl LoadAnimationRecursive(class fbxsdk::FbxScene *,class fbxsdk::FbxNode *,class fbxsdk::FbxAMatrix &,class fbxsdk::FbxTime &)" (?LoadAnimationRecursive@@YAXPEAVFbxScene@fbxsdk@@PEAVFbxNode@2@AEAVFbxAMatrix@2@AEAVFbxTime@2@@Z) 中被參考
fbxloader.obj : error LNK2019: 無法解析的外部符號 "public: int __cdecl fbxsdk::FbxGeometryBase::GetElementUVCount(enum fbxsdk::FbxLayerElement::EType)const " (?GetElementUVCount@FbxGeometryBase@fbxsdk@@QEBAHW4EType@FbxLayerElement@2@@Z) 在函式 "void __cdecl LoadAnimationRecursive(class fbxsdk::FbxScene *,class fbxsdk::FbxNode *,class fbxsdk::FbxAMatrix &,class fbxsdk::FbxTime &)" (?LoadAnimationRecursive@@YAXPEAVFbxScene@fbxsdk@@PEAVFbxNode@2@AEAVFbxAMatrix@2@AEAVFbxTime@2@@Z) 中被參考
fbxloader.obj : error LNK2019: 無法解析的外部符號 "public: void __cdecl fbxsdk::FbxGeometryBase::GetUVSetNames(class fbxsdk::FbxStringList &)const " (?GetUVSetNames@FbxGeometryBase@fbxsdk@@QEBAXAEAVFbxStringList@2@@Z) 在函式 "void __cdecl LoadCacheRecursive(class fbxsdk::FbxScene *,class fbxsdk::FbxNode *,class fbxsdk::FbxAMatrix &,class fbxsdk::FbxTime &)" (?LoadCacheRecursive@@YAXPEAVFbxScene@fbxsdk@@PEAVFbxNode@2@AEAVFbxAMatrix@2@AEAVFbxTime@2@@Z) 中被參考
fbxloader.obj : error LNK2019: 無法解析的外部符號 "public: int __cdecl fbxsdk::FbxGeometry::GetDeformerCount(enum fbxsdk::FbxDeformer::EDeformerType)const " (?GetDeformerCount@FbxGeometry@fbxsdk@@QEBAHW4EDeformerType@FbxDeformer@2@@Z) 在函式 "void __cdecl ComputeDualQuaternionDeformation(class fbxsdk::FbxAMatrix &,class fbxsdk::FbxMesh *,class fbxsdk::FbxTime &,class fbxsdk::FbxVector4 *,class fbxsdk::FbxPose *)" (?ComputeDualQuaternionDeformation@@YAXAEAVFbxAMatrix@fbxsdk@@PEAVFbxMesh@2@AEAVFbxTime@2@PEAVFbxVector4@2@PEAVFbxPose@2@@Z) 中被參考
fbxloader.obj : error LNK2019: 無法解析的外部符號 "public: class fbxsdk::FbxDeformer * __cdecl fbxsdk::FbxGeometry::GetDeformer(int,enum fbxsdk::FbxDeformer::EDeformerType,class fbxsdk::FbxStatus *)const " (?GetDeformer@FbxGeometry@fbxsdk@@QEBAPEAVFbxDeformer@2@HW4EDeformerType@32@PEAVFbxStatus@2@@Z) 在函式 "void __cdecl ComputeDualQuaternionDeformation(class fbxsdk::FbxAMatrix &,class fbxsdk::FbxMesh *,class fbxsdk::FbxTime &,class fbxsdk::FbxVector4 *,class fbxsdk::FbxPose *)" (?ComputeDualQuaternionDeformation@@YAXAEAVFbxAMatrix@fbxsdk@@PEAVFbxMesh@2@AEAVFbxTime@2@PEAVFbxVector4@2@PEAVFbxPose@2@@Z) 中被參考
fbxloader.obj : error LNK2019: 無法解析的外部符號 "public: class fbxsdk::FbxAnimCurve * __cdecl fbxsdk::FbxGeometry::GetShapeChannel(int,int,class fbxsdk::FbxAnimLayer *,bool,class fbxsdk::FbxStatus *)" (?GetShapeChannel@FbxGeometry@fbxsdk@@QEAAPEAVFbxAnimCurve@2@HHPEAVFbxAnimLayer@2@_NPEAVFbxStatus@2@@Z) 在函式 "void __cdecl ComputeShapeDeformation(class fbxsdk::FbxMesh *,class fbxsdk::FbxTime &,class fbxsdk::FbxAnimLayer *,class fbxsdk::FbxVector4 *)" (?ComputeShapeDeformation@@YAXPEAVFbxMesh@fbxsdk@@AEAVFbxTime@2@PEAVFbxAnimLayer@2@PEAVFbxVector4@2@@Z) 中被參考
fbxloader.obj : error LNK2019: 無法解析的外部符號 "public: bool __cdecl fbxsdk::FbxMesh::GetPolygonVertexNormal(int,int,class fbxsdk::FbxVector4 &)const " (?GetPolygonVertexNormal@FbxMesh@fbxsdk@@QEBA_NHHAEAVFbxVector4@2@@Z) 在函式 "void __cdecl LoadCacheRecursive(class fbxsdk::FbxScene *,class fbxsdk::FbxNode *,class fbxsdk::FbxAMatrix &,class fbxsdk::FbxTime &)" (?LoadCacheRecursive@@YAXPEAVFbxScene@fbxsdk@@PEAVFbxNode@2@AEAVFbxAMatrix@2@AEAVFbxTime@2@@Z) 中被參考
fbxloader.obj : error LNK2019: 無法解析的外部符號 "public: bool __cdecl fbxsdk::FbxMesh::GetPolygonVertexUV(int,int,char const *,class fbxsdk::FbxVector2 &,bool &)const " (?GetPolygonVertexUV@FbxMesh@fbxsdk@@QEBA_NHHPEBDAEAVFbxVector2@2@AEA_N@Z) 在函式 "void __cdecl LoadCacheRecursive(class fbxsdk::FbxScene *,class fbxsdk::FbxNode *,class fbxsdk::FbxAMatrix &,class fbxsdk::FbxTime &)" (?LoadCacheRecursive@@YAXPEAVFbxScene@fbxsdk@@PEAVFbxNode@2@AEAVFbxAMatrix@2@AEAVFbxTime@2@@Z) 中被參考
fbxloader.obj : error LNK2019: 無法解析的外部符號 "public: int __cdecl fbxsdk::FbxSkin::GetClusterCount(void)const " (?GetClusterCount@FbxSkin@fbxsdk@@QEBAHXZ) 在函式 "void __cdecl ComputeDualQuaternionDeformation(class fbxsdk::FbxAMatrix &,class fbxsdk::FbxMesh *,class fbxsdk::FbxTime &,class fbxsdk::FbxVector4 *,class fbxsdk::FbxPose *)" (?ComputeDualQuaternionDeformation@@YAXAEAVFbxAMatrix@fbxsdk@@PEAVFbxMesh@2@AEAVFbxTime@2@PEAVFbxVector4@2@PEAVFbxPose@2@@Z) 中被參考
fbxloader.obj : error LNK2019: 無法解析的外部符號 "public: class fbxsdk::FbxCluster * __cdecl fbxsdk::FbxSkin::GetCluster(int)" (?GetCluster@FbxSkin@fbxsdk@@QEAAPEAVFbxCluster@2@H@Z) 在函式 "void __cdecl ComputeDualQuaternionDeformation(class fbxsdk::FbxAMatrix &,class fbxsdk::FbxMesh *,class fbxsdk::FbxTime &,class fbxsdk::FbxVector4 *,class fbxsdk::FbxPose *)" (?ComputeDualQuaternionDeformation@@YAXAEAVFbxAMatrix@fbxsdk@@PEAVFbxMesh@2@AEAVFbxTime@2@PEAVFbxVector4@2@PEAVFbxPose@2@@Z) 中被參考
fbxloader.obj : error LNK2019: 無法解析的外部符號 "public: enum fbxsdk::FbxSkin::EType __cdecl fbxsdk::FbxSkin::GetSkinningType(void)const " (?GetSkinningType@FbxSkin@fbxsdk@@QEBA?AW4EType@12@XZ) 在函式 "void __cdecl ComputeSkinDeformation(class fbxsdk::FbxAMatrix &,class fbxsdk::FbxMesh *,class fbxsdk::FbxTime &,class fbxsdk::FbxVector4 *,class fbxsdk::FbxPose *)" (?ComputeSkinDeformation@@YAXAEAVFbxAMatrix@fbxsdk@@PEAVFbxMesh@2@AEAVFbxTime@2@PEAVFbxVector4@2@PEAVFbxPose@2@@Z) 中被參考
fbxloader.obj : error LNK2019: 無法解析的外部符號 "public: int __cdecl fbxsdk::FbxSkin::GetControlPointIndicesCount(void)const " (?GetControlPointIndicesCount@FbxSkin@fbxsdk@@QEBAHXZ) 在函式 "void __cdecl ComputeSkinDeformation(class fbxsdk::FbxAMatrix &,class fbxsdk::FbxMesh *,class fbxsdk::FbxTime &,class fbxsdk::FbxVector4 *,class fbxsdk::FbxPose *)" (?ComputeSkinDeformation@@YAXAEAVFbxAMatrix@fbxsdk@@PEAVFbxMesh@2@AEAVFbxTime@2@PEAVFbxVector4@2@PEAVFbxPose@2@@Z) 中被參考
fbxloader.obj : error LNK2019: 無法解析的外部符號 "public: double * __cdecl fbxsdk::FbxSkin::GetControlPointBlendWeights(void)const " (?GetControlPointBlendWeights@FbxSkin@fbxsdk@@QEBAPEANXZ) 在函式 "void __cdecl ComputeSkinDeformation(class fbxsdk::FbxAMatrix &,class fbxsdk::FbxMesh *,class fbxsdk::FbxTime &,class fbxsdk::FbxVector4 *,class fbxsdk::FbxPose *)" (?ComputeSkinDeformation@@YAXAEAVFbxAMatrix@fbxsdk@@PEAVFbxMesh@2@AEAVFbxTime@2@PEAVFbxVector4@2@PEAVFbxPose@2@@Z) 中被參考
fbxloader.obj : error LNK2019: 無法解析的外部符號 "public: char const * __cdecl fbxsdk::FbxFileTexture::GetFileName(void)const " (?GetFileName@FbxFileTexture@fbxsdk@@QEBAPEBDXZ) 在函式 "class fbxsdk::FbxVectorTemplate3<double> __cdecl GetMaterialProperty(class fbxsdk::FbxSurfaceMaterial const *,char const *,char const *,class std::basic_string<char,struct std::char_traits<char>,class std::allocator<char> > &)" (?GetMaterialProperty@@YA?AV?$FbxVectorTemplate3@N@fbxsdk@@PEBVFbxSurfaceMaterial@2@PEBD1AEAV?$basic_string@DU?$char_traits@D@std@@V?$allocator@D@2@@std@@@Z) 中被參考
fbxloader.obj : error LNK2019: 無法解析的外部符號 "public: bool __cdecl fbxsdk::FbxGeometryConverter::Triangulate(class fbxsdk::FbxScene *,bool,bool)" (?Triangulate@FbxGeometryConverter@fbxsdk@@QEAA_NPEAVFbxScene@2@_N1@Z) 在函式 "bool __cdecl LoadScene(class fbxsdk::FbxManager *,class fbxsdk::FbxScene *,class fbxsdk::FbxArray<class fbxsdk::FbxString *>,char const *)" (?LoadScene@@YA_NPEAVFbxManager@fbxsdk@@PEAVFbxScene@2@V?$FbxArray@PEAVFbxString@fbxsdk@@@2@PEBD@Z) 中被參考
fbxloader.obj : error LNK2019: 無法解析的外部符號 "public: __cdecl fbxsdk::FbxGeometryConverter::FbxGeometryConverter(class fbxsdk::FbxManager *)" (??0FbxGeometryConverter@fbxsdk@@QEAA@PEAVFbxManager@1@@Z) 在函式 "bool __cdecl LoadScene(class fbxsdk::FbxManager *,class fbxsdk::FbxScene *,class fbxsdk::FbxArray<class fbxsdk::FbxString *>,char const *)" (?LoadScene@@YA_NPEAVFbxManager@fbxsdk@@PEAVFbxScene@2@V?$FbxArray@PEAVFbxString@fbxsdk@@@2@PEBD@Z) 中被參考
fbxloader.obj : error LNK2019: 無法解析的外部符號 "public: __cdecl fbxsdk::FbxGeometryConverter::~FbxGeometryConverter(void)" (??1FbxGeometryConverter@fbxsdk@@QEAA@XZ) 在函式 "bool __cdecl LoadScene(class fbxsdk::FbxManager *,class fbxsdk::FbxScene *,class fbxsdk::FbxArray<class fbxsdk::FbxString *>,char const *)" (?LoadScene@@YA_NPEAVFbxManager@fbxsdk@@PEAVFbxScene@2@V?$FbxArray@PEAVFbxString@fbxsdk@@@2@PEBD@Z) 中被參考
fbxloader.obj : error LNK2001: 無法解析的外部符號 "public: static class fbxsdk::FbxSystemUnit const fbxsdk::FbxSystemUnit::m" (?m@FbxSystemUnit@fbxsdk@@2V12@B)
fbxloader.obj : error LNK2001: 無法解析的外部符號 "public: static struct fbxsdk::FbxSystemUnit::ConversionOptions const fbxsdk::FbxSystemUnit::DefaultConversionOptions" (?DefaultConversionOptions@FbxSystemUnit@fbxsdk@@2UConversionOptions@12@B)
fbxloader.obj : error LNK2001: 無法解析的外部符號 "public: static class fbxsdk::FbxClassId fbxsdk::FbxAnimStack::ClassId" (?ClassId@FbxAnimStack@fbxsdk@@2VFbxClassId@2@A)
fbxloader.obj : error LNK2001: 無法解析的外部符號 "public: static char const * const fbxsdk::FbxSurfaceMaterial::sAmbient" (?sAmbient@FbxSurfaceMaterial@fbxsdk@@2PEBDEB)
fbxloader.obj : error LNK2001: 無法解析的外部符號 "public: static char const * const fbxsdk::FbxSurfaceMaterial::sAmbientFactor" (?sAmbientFactor@FbxSurfaceMaterial@fbxsdk@@2PEBDEB)
fbxloader.obj : error LNK2001: 無法解析的外部符號 "public: static char const * const fbxsdk::FbxSurfaceMaterial::sDiffuse" (?sDiffuse@FbxSurfaceMaterial@fbxsdk@@2PEBDEB)
fbxloader.obj : error LNK2001: 無法解析的外部符號 "public: static char const * const fbxsdk::FbxSurfaceMaterial::sDiffuseFactor" (?sDiffuseFactor@FbxSurfaceMaterial@fbxsdk@@2PEBDEB)
fbxloader.obj : error LNK2001: 無法解析的外部符號 "public: static char const * const fbxsdk::FbxSurfaceMaterial::sSpecular" (?sSpecular@FbxSurfaceMaterial@fbxsdk@@2PEBDEB)
fbxloader.obj : error LNK2001: 無法解析的外部符號 "public: static char const * const fbxsdk::FbxSurfaceMaterial::sSpecularFactor" (?sSpecularFactor@FbxSurfaceMaterial@fbxsdk@@2PEBDEB)
fbxloader.obj : error LNK2001: 無法解析的外部符號 "public: static char const * const fbxsdk::FbxSurfaceMaterial::sShininess" (?sShininess@FbxSurfaceMaterial@fbxsdk@@2PEBDEB)
fbxloader.obj : error LNK2001: 無法解析的外部符號 "public: static class fbxsdk::FbxClassId fbxsdk::FbxAnimLayer::ClassId" (?ClassId@FbxAnimLayer@fbxsdk@@2VFbxClassId@2@A)
fbxloader.obj : error LNK2001: 無法解析的外部符號 "public: static class fbxsdk::FbxClassId fbxsdk::FbxFileTexture::ClassId" (?ClassId@FbxFileTexture@fbxsdk@@2VFbxClassId@2@A)
D:\Users\KUEI\Desktop\work\4-1\Introduction to Graphics Programming and Applications\GLfinal\LearnOpenGL\x64\Debug\LearnOpenGL.exe : fatal error LNK1120: 168 個無法解析的外部符號
